#
# A fatal error has been detected by the Java Runtime Environment:
#
#  EXCEPTION_ACCESS_VIOLATION (0xc0000005) at pc=0x00007ffc877bf74a, pid=22240, tid=3076
#
# JRE version: Java(TM) SE Runtime Environment (14.0.2+12) (build 14.0.2+12-46)
# Java VM: Java HotSpot(TM) 64-Bit Server VM (14.0.2+12-46, mixed mode, sharing, tiered, compressed oops, g1 gc, windows-amd64)
# Problematic frame:
# C  [awt.dll+0x8f74a]
#
# No core dump will be written. Minidumps are not enabled by default on client versions of Windows
#
# If you would like to submit a bug report, please visit:
#   https://bugreport.java.com/bugreport/crash.jsp
# The crash happened outside the Java Virtual Machine in native code.
# See problematic frame for where to report the bug.
#

---------------  S U M M A R Y ------------

Command Line: -javaagent:C:\Program Files\JetBrains\IntelliJ IDEA Community Edition 2022.1.1\lib\idea_rt.jar=62638:C:\Program Files\JetBrains\IntelliJ IDEA Community Edition 2022.1.1\bin -Dfile.encoding=UTF-8 MainKt

Host: Intel(R) Core(TM) i7-9700K CPU @ 3.60GHz, 8 cores, 31G,  Windows 10 , 64 bit Build 19041 (10.0.19041.1741)
Time: Wed Jun 29 21:55:42 2022 ìåãû (ïWèÄéû) elapsed time: 0 seconds (0d 0h 0m 0s)

---------------  T H R E A D  ---------------

Current thread (0x0000019d568b6000):  JavaThread "AWT-EventQueue-0" [_thread_in_native, id=3076, stack(0x0000005d9d900000,0x0000005d9da00000)]

Stack: [0x0000005d9d900000,0x0000005d9da00000],  sp=0x0000005d9d9fd510,  free space=1013k
Native frames: (J=compiled Java code, j=interpreted, Vv=VM code, C=native code)
C  [awt.dll+0x8f74a]

Java frames: (J=compiled Java code, j=interpreted, Vv=VM code)
j  sun.awt.windows.WComponentPeer._setFont(Ljava/awt/Font;)V+0 java.desktop@14.0.2
j  sun.awt.windows.WComponentPeer.setFont(Ljava/awt/Font;)V+7 java.desktop@14.0.2
j  sun.awt.windows.WWindowPeer.initialize()V+42 java.desktop@14.0.2
j  sun.awt.windows.WFramePeer.initialize()V+1 java.desktop@14.0.2
j  sun.awt.windows.WComponentPeer.<init>(Ljava/awt/Component;)V+83 java.desktop@14.0.2
j  sun.awt.windows.WCanvasPeer.<init>(Ljava/awt/Component;)V+2 java.desktop@14.0.2
j  sun.awt.windows.WPanelPeer.<init>(Ljava/awt/Component;)V+2 java.desktop@14.0.2
j  sun.awt.windows.WWindowPeer.<init>(Ljava/awt/Window;)V+2 java.desktop@14.0.2
j  sun.awt.windows.WFramePeer.<init>(Ljava/awt/Frame;)V+2 java.desktop@14.0.2
j  sun.awt.windows.WToolkit.createFrame(Ljava/awt/Frame;)Ljava/awt/peer/FramePeer;+5 java.desktop@14.0.2
j  java.awt.Frame.addNotify()V+20 java.desktop@14.0.2
j  java.awt.Window.pack()V+28 java.desktop@14.0.2
j  androidx.compose.ui.util.Windows_desktopKt.makeDisplayable(Ljava/awt/Window;)V+21
j  androidx.compose.ui.window.Window_desktopKt$Window$11$1.invoke(Landroidx/compose/ui/awt/ComposeWindow;)V+59
j  androidx.compose.ui.window.Window_desktopKt$Window$11$1.invoke(Ljava/lang/Object;)Ljava/lang/Object;+5
j  androidx.compose.ui.window.AwtWindow_desktopKt$AwtWindow$3.invoke()V+13
j  androidx.compose.ui.window.AwtWindow_desktopKt$AwtWindow$3.invoke()Ljava/lang/Object;+1
j  androidx.compose.ui.util.UpdateEffect_desktopKt$UpdateEffect$2$performUpdate$2.invoke()V+7
j  androidx.compose.ui.util.UpdateEffect_desktopKt$UpdateEffect$2$performUpdate$2.invoke()Ljava/lang/Object;+1
j  androidx.compose.runtime.snapshots.Snapshot$Companion.observe(Lkotlin/jvm/functions/Function1;Lkotlin/jvm/functions/Function1;Lkotlin/jvm/functions/Function0;)Ljava/lang/Object;+106
j  androidx.compose.runtime.snapshots.SnapshotStateObserver.observeReads(Ljava/lang/Object;Lkotlin/jvm/functions/Function1;Lkotlin/jvm/functions/Function0;)V+480
j  androidx.compose.ui.util.UpdateEffect_desktopKt$UpdateEffect$2.invoke$performUpdate(Landroidx/compose/runtime/snapshots/SnapshotStateObserver;Lkotlinx/coroutines/channels/Channel;Landroidx/compose/runtime/State;)V+28
j  androidx.compose.ui.util.UpdateEffect_desktopKt$UpdateEffect$2.invoke(Landroidx/compose/runtime/DisposableEffectScope;)Landroidx/compose/runtime/DisposableEffectResult;+33
j  androidx.compose.ui.util.UpdateEffect_desktopKt$UpdateEffect$2.invoke(Ljava/lang/Object;)Ljava/lang/Object;+5
j  androidx.compose.runtime.DisposableEffectImpl.onRemembered()V+8
j  androidx.compose.runtime.CompositionImpl$RememberEventDispatcher.dispatchRememberObservers()V+170
j  androidx.compose.runtime.CompositionImpl.applyChanges()V+194
j  androidx.compose.runtime.Recomposer.composeInitial$runtime(Landroidx/compose/runtime/ControlledComposition;Lkotlin/jvm/functions/Function2;)V+234
j  androidx.compose.runtime.CompositionImpl.setContent(Lkotlin/jvm/functions/Function2;)V+55
j  androidx.compose.ui.window.Application_desktopKt$awaitApplication$2$1$2.invokeSuspend(Ljava/lang/Object;)Ljava/lang/Object;+89
j  kotlin.coroutines.jvm.internal.BaseContinuationImpl.resumeWith(Ljava/lang/Object;)V+44
j  kotlinx.coroutines.DispatchedTask.run()V+350
j  java.awt.event.InvocationEvent.dispatch()V+47 java.desktop@14.0.2
j  java.awt.EventQueue.dispatchEventImpl(Ljava/awt/AWTEvent;Ljava/lang/Object;)V+21 java.desktop@14.0.2
j  java.awt.EventQueue$4.run()Ljava/lang/Void;+32 java.desktop@14.0.2
j  java.awt.EventQueue$4.run()Ljava/lang/Object;+1 java.desktop@14.0.2
j  java.security.AccessController.executePrivileged(Ljava/security/PrivilegedAction;Ljava/security/AccessControlContext;Ljava/lang/Class;)Ljava/lang/Object;+29 java.base@14.0.2
j  java.security.AccessController.doPrivileged(Ljava/security/PrivilegedAction;Ljava/security/AccessControlContext;)Ljava/lang/Object;+13 java.base@14.0.2
j  java.security.ProtectionDomain$JavaSecurityAccessImpl.doIntersectionPrivilege(Ljava/security/PrivilegedAction;Ljava/security/AccessControlContext;Ljava/security/AccessControlContext;)Ljava/lang/Object;+18 java.base@14.0.2
j  java.awt.EventQueue.dispatchEvent(Ljava/awt/AWTEvent;)V+46 java.desktop@14.0.2
j  java.awt.EventDispatchThread.pumpOneEventForFilters(I)V+78 java.desktop@14.0.2
j  java.awt.EventDispatchThread.pumpEventsForFilter(ILjava/awt/Conditional;Ljava/awt/EventFilter;)V+35 java.desktop@14.0.2
j  java.awt.EventDispatchThread.pumpEventsForHierarchy(ILjava/awt/Conditional;Ljava/awt/Component;)V+11 java.desktop@14.0.2
j  java.awt.EventDispatchThread.pumpEvents(ILjava/awt/Conditional;)V+4 java.desktop@14.0.2
j  java.awt.EventDispatchThread.pumpEvents(Ljava/awt/Conditional;)V+3 java.desktop@14.0.2
j  java.awt.EventDispatchThread.run()V+9 java.desktop@14.0.2
v  ~StubRoutines::call_stub

siginfo: EXCEPTION_ACCESS_VIOLATION (0xc0000005), reading address 0x0000000000000058


Register to memory mapping:

RIP=0x00007ffc877bf74a awt.dll
RAX=0x00007ffc8783b660 awt.dll
RBX=0x0000019d568b6310 points into unknown readable memory: a0 1a 7e 1e fc 7f 00 00
RCX=0x0000019d57c11220 points into unknown readable memory: 60 b6 83 87 fc 7f 00 00
RDX=0x0 is NULL
RSP=0x0000005d9d9fd510 is pointing into the stack for thread: 0x0000019d568b6000
RBP=0x0 is NULL
RSI=0x0000019d57c2fce8 is a global jni handle
RDI=0x0000019d57c2fcf0 is a global jni handle
R8 =0x0000000000000042 is an unknown value
R9 =0x0000000800b63350 is a pointer to class: 
java.awt.Font {0x0000000800b63358}
R10=0x0000000000008000 is an unknown value
R11=0x0000005d9d9fd510 is pointing into the stack for thread: 0x0000019d568b6000
R12=0x0 is NULL
R13={method} {0x0000019d55737700} '_setFont' '(Ljava/awt/Font;)V' in 'sun/awt/windows/WComponentPeer'
R14=0x0000019d57c11220 points into unknown readable memory: 60 b6 83 87 fc 7f 00 00
R15=0x0000019d57c185a0 points into unknown readable memory: e8 fc c2 57 9d 01 00 00


Registers:
RAX=0x00007ffc8783b660, RBX=0x0000019d568b6310, RCX=0x0000019d57c11220, RDX=0x0000000000000000
RSP=0x0000005d9d9fd510, RBP=0x0000000000000000, RSI=0x0000019d57c2fce8, RDI=0x0000019d57c2fcf0
R8 =0x0000000000000042, R9 =0x0000000800b63350, R10=0x0000000000008000, R11=0x0000005d9d9fd510
R12=0x0000000000000000, R13=0x0000019d557376f8, R14=0x0000019d57c11220, R15=0x0000019d57c185a0
RIP=0x00007ffc877bf74a, EFLAGS=0x0000000000010202

Top of Stack: (sp=0x0000005d9d9fd510)
0x0000005d9d9fd510:   0000019d57c185a0 0000019d57c11220
0x0000005d9d9fd520:   0000019d57c185a0 0000019d57c11220
0x0000005d9d9fd530:   0000019d57c2fcf0 00007ffc877c4655
0x0000005d9d9fd540:   0000019d568b6310 0000019d568b6310
0x0000005d9d9fd550:   0000000000000000 0000019d57c2fce8
0x0000005d9d9fd560:   0000019d568b6000 0000005d9d9fd6b8
0x0000005d9d9fd570:   0000019d57c185a0 00007ffc877fd59b
0x0000005d9d9fd580:   00007ffc87880018 0000005d9d9fd690
0x0000005d9d9fd590:   00007ffc877c4528 0000000000000000
0x0000005d9d9fd5a0:   fffffffffffffffe fffffffffffffffe
0x0000005d9d9fd5b0:   0000019d57c2fce8 00007ffc877c581c
0x0000005d9d9fd5c0:   0000019d57c2fcf0 0000005d9d9fd6b0
0x0000005d9d9fd5d0:   0000005d9d9fd6b0 00007ffc87880018
0x0000005d9d9fd5e0:   fffffffffffffffe 00007ffc1e156c29
0x0000005d9d9fd5f0:   0000019d307ca1b3 0000019d307d00b4
0x0000005d9d9fd600:   0000019d557376f8 0000000000001a5f 

Instructions: (pc=0x00007ffc877bf74a)
0x00007ffc877bf64a:   00 48 8b d9 e8 d9 dc ff ff 48 8b f8 48 85 c0 75
0x00007ffc877bf65a:   04 48 8b 7b 48 48 8b cf e8 b3 16 05 00 48 8b d8
0x00007ffc877bf66a:   48 85 c0 74 60 83 64 24 20 00 0f 57 c0 83 64 24
0x00007ffc877bf67a:   34 00 b9 11 00 00 00 83 64 24 38 00 f3 0f 7f 44
0x00007ffc877bf68a:   24 24 ff 15 86 cc 0b 00 4c 8d 44 24 40 ba 5c 00
0x00007ffc877bf69a:   00 00 48 8b c8 ff 15 2b cf 0b 00 83 f8 5c 75 0d
0x00007ffc877bf6aa:   48 8d 54 24 40 48 8b cb e8 12 17 05 00 48 8d 54
0x00007ffc877bf6ba:   24 20 48 8b cb e8 29 17 05 00 48 8b d3 48 8b cf
0x00007ffc877bf6ca:   e8 d6 16 05 00 48 8b 8c 24 a0 00 00 00 48 33 cc
0x00007ffc877bf6da:   e8 01 24 05 00 48 8b 9c 24 c8 00 00 00 48 81 c4
0x00007ffc877bf6ea:   b0 00 00 00 5f c3 40 53 48 83 ec 20 48 8b d9 ff
0x00007ffc877bf6fa:   15 69 d4 0b 00 48 85 c0 75 0a 48 8b 4b 48 ff 15
0x00007ffc877bf70a:   52 d4 0b 00 48 83 c4 20 5b c3 4c 63 c2 48 8b 15
0x00007ffc877bf71a:   2a b8 0b 00 48 ff 25 e3 d2 0b 00 cc cc cc 48 8b
0x00007ffc877bf72a:   d1 48 8b 0d 1e e8 0b 00 48 89 15 17 e8 0b 00 e9
0x00007ffc877bf73a:   f6 63 04 00 cc cc 48 89 5c 24 08 57 48 83 ec 20
0x00007ffc877bf74a:   83 7a 58 00 48 8b da 48 8b f9 7d 08 48 8b ca e8
0x00007ffc877bf75a:   4a 95 01 00 4c 8b 43 48 45 33 c9 48 8b 4f 48 4d
0x00007ffc877bf76a:   8b 00 41 8d 51 30 ff 15 5a d5 0b 00 48 8b 4f 48
0x00007ffc877bf77a:   33 d2 44 8d 42 01 48 8b 5c 24 30 48 83 c4 20 5f
0x00007ffc877bf78a:   48 ff 25 f7 d3 0b 00 cc cc cc 48 8b c4 48 89 58
0x00007ffc877bf79a:   08 48 89 68 10 48 89 70 18 48 89 78 20 41 56 48
0x00007ffc877bf7aa:   83 ec 20 4c 8b f2 48 8b f9 48 8b 0d 3e 06 0c 00
0x00007ffc877bf7ba:   ba 02 00 01 00 41 8b e8 e8 24 22 05 00 48 8b 97
0x00007ffc877bf7ca:   c0 00 00 00 33 db 48 8b f0 48 85 d2 74 0d 4c 8b
0x00007ffc877bf7da:   08 48 8b c8 41 ff 91 b0 00 00 00 4d 85 f6 74 14
0x00007ffc877bf7ea:   48 8b 06 49 8b d6 48 8b ce ff 90 a8 00 00 00 48
0x00007ffc877bf7fa:   8b d8 eb 05 bd 01 00 00 00 48 89 9f c0 00 00 00
0x00007ffc877bf80a:   89 af c8 00 00 00 48 8b 5c 24 30 48 8b 6c 24 38
0x00007ffc877bf81a:   48 8b 74 24 40 48 8b 7c 24 48 48 83 c4 20 41 5e
0x00007ffc877bf82a:   c3 cc 48 89 5c 24 08 48 89 6c 24 10 48 89 74 24
0x00007ffc877bf83a:   18 57 48 83 ec 20 33 db 48 8b f9 48 85 c9 75 09 


Stack slot to memory mapping:
stack at sp + 0 slots: 0x0000019d57c185a0 points into unknown readable memory: e8 fc c2 57 9d 01 00 00
stack at sp + 1 slots: 0x0000019d57c11220 points into unknown readable memory: 60 b6 83 87 fc 7f 00 00
stack at sp + 2 slots: 0x0000019d57c185a0 points into unknown readable memory: e8 fc c2 57 9d 01 00 00
stack at sp + 3 slots: 0x0000019d57c11220 points into unknown readable memory: 60 b6 83 87 fc 7f 00 00
stack at sp + 4 slots: 0x0000019d57c2fcf0 is a global jni handle
stack at sp + 5 slots: 0x00007ffc877c4655 awt.dll
stack at sp + 6 slots: 0x0000019d568b6310 points into unknown readable memory: a0 1a 7e 1e fc 7f 00 00
stack at sp + 7 slots: 0x0000019d568b6310 points into unknown readable memory: a0 1a 7e 1e fc 7f 00 00


---------------  P R O C E S S  ---------------

Threads class SMR info:
_java_thread_list=0x0000019d57a6a530, length=22, elements={
0x0000019d28016800, 0x0000019d5550b800, 0x0000019d5550c800, 0x0000019d55e45800,
0x0000019d55e48800, 0x0000019d55e4c800, 0x0000019d55e50000, 0x0000019d55e51000,
0x0000019d55e53000, 0x0000019d55e2c800, 0x0000019d5615a000, 0x0000019d5615a800,
0x0000019d5638e800, 0x0000019d563b8800, 0x0000019d56480800, 0x0000019d568b6000,
0x0000019d57ab9000, 0x0000019d57a86800, 0x0000019d57a87000, 0x0000019d57bda000,
0x0000019d57bd9000, 0x0000019d57b7c000
}

Java Threads: ( => current thread )
  0x0000019d28016800 JavaThread "main" [_thread_blocked, id=22180, stack(0x0000005d9c200000,0x0000005d9c300000)]
  0x0000019d5550b800 JavaThread "Reference Handler" daemon [_thread_blocked, id=35316, stack(0x0000005d9c900000,0x0000005d9ca00000)]
  0x0000019d5550c800 JavaThread "Finalizer" daemon [_thread_blocked, id=4164, stack(0x0000005d9ca00000,0x0000005d9cb00000)]
  0x0000019d55e45800 JavaThread "Signal Dispatcher" daemon [_thread_blocked, id=452, stack(0x0000005d9cb00000,0x0000005d9cc00000)]
  0x0000019d55e48800 JavaThread "Attach Listener" daemon [_thread_blocked, id=35288, stack(0x0000005d9cc00000,0x0000005d9cd00000)]
  0x0000019d55e4c800 JavaThread "Service Thread" daemon [_thread_blocked, id=9556, stack(0x0000005d9cd00000,0x0000005d9ce00000)]
  0x0000019d55e50000 JavaThread "C2 CompilerThread0" daemon [_thread_blocked, id=12492, stack(0x0000005d9ce00000,0x0000005d9cf00000)]
  0x0000019d55e51000 JavaThread "C1 CompilerThread0" daemon [_thread_blocked, id=15272, stack(0x0000005d9cf00000,0x0000005d9d000000)]
  0x0000019d55e53000 JavaThread "Sweeper thread" daemon [_thread_blocked, id=13760, stack(0x0000005d9d000000,0x0000005d9d100000)]
  0x0000019d55e2c800 JavaThread "Common-Cleaner" daemon [_thread_blocked, id=40948, stack(0x0000005d9d100000,0x0000005d9d200000)]
  0x0000019d5615a000 JavaThread "Monitor Ctrl-Break" daemon [_thread_in_native, id=31400, stack(0x0000005d9d300000,0x0000005d9d400000)]
  0x0000019d5615a800 JavaThread "Notification Thread" daemon [_thread_blocked, id=39468, stack(0x0000005d9d400000,0x0000005d9d500000)]
  0x0000019d5638e800 JavaThread "Java2D Disposer" daemon [_thread_blocked, id=11892, stack(0x0000005d9d600000,0x0000005d9d700000)]
  0x0000019d563b8800 JavaThread "AWT-Shutdown" [_thread_blocked, id=36740, stack(0x0000005d9d700000,0x0000005d9d800000)]
  0x0000019d56480800 JavaThread "AWT-Windows" daemon [_thread_in_native, id=26680, stack(0x0000005d9d800000,0x0000005d9d900000)]
=>0x0000019d568b6000 JavaThread "AWT-EventQueue-0" [_thread_in_native, id=3076, stack(0x0000005d9d900000,0x0000005d9da00000)]
  0x0000019d57ab9000 JavaThread "DefaultDispatcher-worker-1" daemon [_thread_blocked, id=1256, stack(0x0000005d9e2f0000,0x0000005d9e3f0000)]
  0x0000019d57a86800 JavaThread "DefaultDispatcher-worker-2" daemon [_thread_blocked, id=19540, stack(0x0000005d9e3f0000,0x0000005d9e4f0000)]
  0x0000019d57a87000 JavaThread "DefaultDispatcher-worker-3" daemon [_thread_blocked, id=40484, stack(0x0000005d9e4f0000,0x0000005d9e5f0000)]
  0x0000019d57bda000 JavaThread "kotlinx.coroutines.DefaultExecutor" daemon [_thread_blocked, id=32564, stack(0x0000005d9e5f0000,0x0000005d9e6f0000)]
  0x0000019d57bd9000 JavaThread "Reference Cleaner" daemon [_thread_blocked, id=20604, stack(0x0000005d9e6f0000,0x0000005d9e7f0000)]
  0x0000019d57b7c000 JavaThread "C2 CompilerThread1" daemon [_thread_blocked, id=6392, stack(0x0000005d9e7f0000,0x0000005d9e8f0000)]

Other Threads:
  0x0000019d55504800 VMThread "VM Thread" [stack: 0x0000005d9c800000,0x0000005d9c900000] [id=8700]
  0x0000019d5615d800 WatcherThread [stack: 0x0000005d9d500000,0x0000005d9d600000] [id=35124]
  0x0000019d2809b000 GCTaskThread "GC Thread#0" [stack: 0x0000005d9c300000,0x0000005d9c400000] [id=23476]
  0x0000019d579cd000 GCTaskThread "GC Thread#1" [stack: 0x0000005d9dbf0000,0x0000005d9dcf0000] [id=12524]
  0x0000019d579e6000 GCTaskThread "GC Thread#2" [stack: 0x0000005d9dcf0000,0x0000005d9ddf0000] [id=9212]
  0x0000019d579e7000 GCTaskThread "GC Thread#3" [stack: 0x0000005d9ddf0000,0x0000005d9def0000] [id=30740]
  0x0000019d579e7800 GCTaskThread "GC Thread#4" [stack: 0x0000005d9def0000,0x0000005d9dff0000] [id=17644]
  0x0000019d579e8000 GCTaskThread "GC Thread#5" [stack: 0x0000005d9dff0000,0x0000005d9e0f0000] [id=10948]
  0x0000019d579e9000 GCTaskThread "GC Thread#6" [stack: 0x0000005d9e0f0000,0x0000005d9e1f0000] [id=15848]
  0x0000019d57a07800 GCTaskThread "GC Thread#7" [stack: 0x0000005d9e1f0000,0x0000005d9e2f0000] [id=19428]
  0x0000019d280bc800 ConcurrentGCThread "G1 Main Marker" [stack: 0x0000005d9c400000,0x0000005d9c500000] [id=36572]
  0x0000019d280bd800 ConcurrentGCThread "G1 Conc#0" [stack: 0x0000005d9c500000,0x0000005d9c600000] [id=20460]
  0x0000019d55490800 ConcurrentGCThread "G1 Refine#0" [stack: 0x0000005d9c600000,0x0000005d9c700000] [id=5344]
  0x0000019d55491800 ConcurrentGCThread "G1 Young RemSet Sampling" [stack: 0x0000005d9c700000,0x0000005d9c800000] [id=13904]

Threads with active compile tasks:

VM state:not at safepoint (normal execution)

VM Mutex/Monitor currently owned by a thread: None

Heap address: 0x0000000602a00000, size: 8150 MB, Compressed Oops mode: Zero based, Oop shift amount: 3
Narrow klass base: 0x0000000800000000, Narrow klass shift: 3
Compressed class space size: 1073741824 Address: 0x0000000800b30000

Heap:
 garbage-first heap   total 522240K, used 11220K [0x0000000602a00000, 0x0000000800000000)
  region size 2048K, 7 young (14336K), 2 survivors (4096K)
 Metaspace       used 11469K, capacity 11682K, committed 11904K, reserved 1060864K
  class space    used 1223K, capacity 1330K, committed 1408K, reserved 1048576K
Heap Regions: E=young(eden), S=young(survivor), O=old, HS=humongous(starts), HC=humongous(continues), CS=collection set, F=free, OA=open archive, CA=closed archive, TAMS=top-at-mark-start (previous, next)
|   0|0x0000000602a00000, 0x0000000602a00000, 0x0000000602c00000|  0%| F|  |TAMS 0x0000000602a00000, 0x0000000602a00000| Untracked 
|   1|0x0000000602c00000, 0x0000000602c00000, 0x0000000602e00000|  0%| F|  |TAMS 0x0000000602c00000, 0x0000000602c00000| Untracked 
|   2|0x0000000602e00000, 0x0000000602e00000, 0x0000000603000000|  0%| F|  |TAMS 0x0000000602e00000, 0x0000000602e00000| Untracked 
|   3|0x0000000603000000, 0x0000000603000000, 0x0000000603200000|  0%| F|  |TAMS 0x0000000603000000, 0x0000000603000000| Untracked 
|   4|0x0000000603200000, 0x0000000603200000, 0x0000000603400000|  0%| F|  |TAMS 0x0000000603200000, 0x0000000603200000| Untracked 
|   5|0x0000000603400000, 0x0000000603400000, 0x0000000603600000|  0%| F|  |TAMS 0x0000000603400000, 0x0000000603400000| Untracked 
|   6|0x0000000603600000, 0x0000000603600000, 0x0000000603800000|  0%| F|  |TAMS 0x0000000603600000, 0x0000000603600000| Untracked 
|   7|0x0000000603800000, 0x0000000603800000, 0x0000000603a00000|  0%| F|  |TAMS 0x0000000603800000, 0x0000000603800000| Untracked 
|   8|0x0000000603a00000, 0x0000000603a00000, 0x0000000603c00000|  0%| F|  |TAMS 0x0000000603a00000, 0x0000000603a00000| Untracked 
|   9|0x0000000603c00000, 0x0000000603c00000, 0x0000000603e00000|  0%| F|  |TAMS 0x0000000603c00000, 0x0000000603c00000| Untracked 
|  10|0x0000000603e00000, 0x0000000603e00000, 0x0000000604000000|  0%| F|  |TAMS 0x0000000603e00000, 0x0000000603e00000| Untracked 
|  11|0x0000000604000000, 0x0000000604000000, 0x0000000604200000|  0%| F|  |TAMS 0x0000000604000000, 0x0000000604000000| Untracked 
|  12|0x0000000604200000, 0x0000000604200000, 0x0000000604400000|  0%| F|  |TAMS 0x0000000604200000, 0x0000000604200000| Untracked 
|  13|0x0000000604400000, 0x0000000604400000, 0x0000000604600000|  0%| F|  |TAMS 0x0000000604400000, 0x0000000604400000| Untracked 
|  14|0x0000000604600000, 0x0000000604600000, 0x0000000604800000|  0%| F|  |TAMS 0x0000000604600000, 0x0000000604600000| Untracked 
|  15|0x0000000604800000, 0x0000000604800000, 0x0000000604a00000|  0%| F|  |TAMS 0x0000000604800000, 0x0000000604800000| Untracked 
|  16|0x0000000604a00000, 0x0000000604a00000, 0x0000000604c00000|  0%| F|  |TAMS 0x0000000604a00000, 0x0000000604a00000| Untracked 
|  17|0x0000000604c00000, 0x0000000604c00000, 0x0000000604e00000|  0%| F|  |TAMS 0x0000000604c00000, 0x0000000604c00000| Untracked 
|  18|0x0000000604e00000, 0x0000000604e00000, 0x0000000605000000|  0%| F|  |TAMS 0x0000000604e00000, 0x0000000604e00000| Untracked 
|  19|0x0000000605000000, 0x0000000605000000, 0x0000000605200000|  0%| F|  |TAMS 0x0000000605000000, 0x0000000605000000| Untracked 
|  20|0x0000000605200000, 0x0000000605200000, 0x0000000605400000|  0%| F|  |TAMS 0x0000000605200000, 0x0000000605200000| Untracked 
|  21|0x0000000605400000, 0x0000000605400000, 0x0000000605600000|  0%| F|  |TAMS 0x0000000605400000, 0x0000000605400000| Untracked 
|  22|0x0000000605600000, 0x0000000605600000, 0x0000000605800000|  0%| F|  |TAMS 0x0000000605600000, 0x0000000605600000| Untracked 
|  23|0x0000000605800000, 0x0000000605800000, 0x0000000605a00000|  0%| F|  |TAMS 0x0000000605800000, 0x0000000605800000| Untracked 
|  24|0x0000000605a00000, 0x0000000605a00000, 0x0000000605c00000|  0%| F|  |TAMS 0x0000000605a00000, 0x0000000605a00000| Untracked 
|  25|0x0000000605c00000, 0x0000000605c00000, 0x0000000605e00000|  0%| F|  |TAMS 0x0000000605c00000, 0x0000000605c00000| Untracked 
|  26|0x0000000605e00000, 0x0000000605e00000, 0x0000000606000000|  0%| F|  |TAMS 0x0000000605e00000, 0x0000000605e00000| Untracked 
|  27|0x0000000606000000, 0x0000000606000000, 0x0000000606200000|  0%| F|  |TAMS 0x0000000606000000, 0x0000000606000000| Untracked 
|  28|0x0000000606200000, 0x0000000606200000, 0x0000000606400000|  0%| F|  |TAMS 0x0000000606200000, 0x0000000606200000| Untracked 
|  29|0x0000000606400000, 0x0000000606400000, 0x0000000606600000|  0%| F|  |TAMS 0x0000000606400000, 0x0000000606400000| Untracked 
|  30|0x0000000606600000, 0x0000000606600000, 0x0000000606800000|  0%| F|  |TAMS 0x0000000606600000, 0x0000000606600000| Untracked 
|  31|0x0000000606800000, 0x0000000606800000, 0x0000000606a00000|  0%| F|  |TAMS 0x0000000606800000, 0x0000000606800000| Untracked 
|  32|0x0000000606a00000, 0x0000000606a00000, 0x0000000606c00000|  0%| F|  |TAMS 0x0000000606a00000, 0x0000000606a00000| Untracked 
|  33|0x0000000606c00000, 0x0000000606c00000, 0x0000000606e00000|  0%| F|  |TAMS 0x0000000606c00000, 0x0000000606c00000| Untracked 
|  34|0x0000000606e00000, 0x0000000606e00000, 0x0000000607000000|  0%| F|  |TAMS 0x0000000606e00000, 0x0000000606e00000| Untracked 
|  35|0x0000000607000000, 0x0000000607000000, 0x0000000607200000|  0%| F|  |TAMS 0x0000000607000000, 0x0000000607000000| Untracked 
|  36|0x0000000607200000, 0x0000000607200000, 0x0000000607400000|  0%| F|  |TAMS 0x0000000607200000, 0x0000000607200000| Untracked 
|  37|0x0000000607400000, 0x0000000607400000, 0x0000000607600000|  0%| F|  |TAMS 0x0000000607400000, 0x0000000607400000| Untracked 
|  38|0x0000000607600000, 0x0000000607600000, 0x0000000607800000|  0%| F|  |TAMS 0x0000000607600000, 0x0000000607600000| Untracked 
|  39|0x0000000607800000, 0x0000000607800000, 0x0000000607a00000|  0%| F|  |TAMS 0x0000000607800000, 0x0000000607800000| Untracked 
|  40|0x0000000607a00000, 0x0000000607a00000, 0x0000000607c00000|  0%| F|  |TAMS 0x0000000607a00000, 0x0000000607a00000| Untracked 
|  41|0x0000000607c00000, 0x0000000607c00000, 0x0000000607e00000|  0%| F|  |TAMS 0x0000000607c00000, 0x0000000607c00000| Untracked 
|  42|0x0000000607e00000, 0x0000000607e00000, 0x0000000608000000|  0%| F|  |TAMS 0x0000000607e00000, 0x0000000607e00000| Untracked 
|  43|0x0000000608000000, 0x0000000608000000, 0x0000000608200000|  0%| F|  |TAMS 0x0000000608000000, 0x0000000608000000| Untracked 
|  44|0x0000000608200000, 0x0000000608200000, 0x0000000608400000|  0%| F|  |TAMS 0x0000000608200000, 0x0000000608200000| Untracked 
|  45|0x0000000608400000, 0x0000000608400000, 0x0000000608600000|  0%| F|  |TAMS 0x0000000608400000, 0x0000000608400000| Untracked 
|  46|0x0000000608600000, 0x0000000608600000, 0x0000000608800000|  0%| F|  |TAMS 0x0000000608600000, 0x0000000608600000| Untracked 
|  47|0x0000000608800000, 0x0000000608800000, 0x0000000608a00000|  0%| F|  |TAMS 0x0000000608800000, 0x0000000608800000| Untracked 
|  48|0x0000000608a00000, 0x0000000608a00000, 0x0000000608c00000|  0%| F|  |TAMS 0x0000000608a00000, 0x0000000608a00000| Untracked 
|  49|0x0000000608c00000, 0x0000000608c00000, 0x0000000608e00000|  0%| F|  |TAMS 0x0000000608c00000, 0x0000000608c00000| Untracked 
|  50|0x0000000608e00000, 0x0000000608e00000, 0x0000000609000000|  0%| F|  |TAMS 0x0000000608e00000, 0x0000000608e00000| Untracked 
|  51|0x0000000609000000, 0x0000000609000000, 0x0000000609200000|  0%| F|  |TAMS 0x0000000609000000, 0x0000000609000000| Untracked 
|  52|0x0000000609200000, 0x0000000609200000, 0x0000000609400000|  0%| F|  |TAMS 0x0000000609200000, 0x0000000609200000| Untracked 
|  53|0x0000000609400000, 0x0000000609400000, 0x0000000609600000|  0%| F|  |TAMS 0x0000000609400000, 0x0000000609400000| Untracked 
|  54|0x0000000609600000, 0x0000000609600000, 0x0000000609800000|  0%| F|  |TAMS 0x0000000609600000, 0x0000000609600000| Untracked 
|  55|0x0000000609800000, 0x0000000609800000, 0x0000000609a00000|  0%| F|  |TAMS 0x0000000609800000, 0x0000000609800000| Untracked 
|  56|0x0000000609a00000, 0x0000000609a00000, 0x0000000609c00000|  0%| F|  |TAMS 0x0000000609a00000, 0x0000000609a00000| Untracked 
|  57|0x0000000609c00000, 0x0000000609c00000, 0x0000000609e00000|  0%| F|  |TAMS 0x0000000609c00000, 0x0000000609c00000| Untracked 
|  58|0x0000000609e00000, 0x0000000609e00000, 0x000000060a000000|  0%| F|  |TAMS 0x0000000609e00000, 0x0000000609e00000| Untracked 
|  59|0x000000060a000000, 0x000000060a000000, 0x000000060a200000|  0%| F|  |TAMS 0x000000060a000000, 0x000000060a000000| Untracked 
|  60|0x000000060a200000, 0x000000060a200000, 0x000000060a400000|  0%| F|  |TAMS 0x000000060a200000, 0x000000060a200000| Untracked 
|  61|0x000000060a400000, 0x000000060a400000, 0x000000060a600000|  0%| F|  |TAMS 0x000000060a400000, 0x000000060a400000| Untracked 
|  62|0x000000060a600000, 0x000000060a600000, 0x000000060a800000|  0%| F|  |TAMS 0x000000060a600000, 0x000000060a600000| Untracked 
|  63|0x000000060a800000, 0x000000060a800000, 0x000000060aa00000|  0%| F|  |TAMS 0x000000060a800000, 0x000000060a800000| Untracked 
|  64|0x000000060aa00000, 0x000000060aa00000, 0x000000060ac00000|  0%| F|  |TAMS 0x000000060aa00000, 0x000000060aa00000| Untracked 
|  65|0x000000060ac00000, 0x000000060ac00000, 0x000000060ae00000|  0%| F|  |TAMS 0x000000060ac00000, 0x000000060ac00000| Untracked 
|  66|0x000000060ae00000, 0x000000060ae00000, 0x000000060b000000|  0%| F|  |TAMS 0x000000060ae00000, 0x000000060ae00000| Untracked 
|  67|0x000000060b000000, 0x000000060b000000, 0x000000060b200000|  0%| F|  |TAMS 0x000000060b000000, 0x000000060b000000| Untracked 
|  68|0x000000060b200000, 0x000000060b200000, 0x000000060b400000|  0%| F|  |TAMS 0x000000060b200000, 0x000000060b200000| Untracked 
|  69|0x000000060b400000, 0x000000060b400000, 0x000000060b600000|  0%| F|  |TAMS 0x000000060b400000, 0x000000060b400000| Untracked 
|  70|0x000000060b600000, 0x000000060b600000, 0x000000060b800000|  0%| F|  |TAMS 0x000000060b600000, 0x000000060b600000| Untracked 
|  71|0x000000060b800000, 0x000000060b800000, 0x000000060ba00000|  0%| F|  |TAMS 0x000000060b800000, 0x000000060b800000| Untracked 
|  72|0x000000060ba00000, 0x000000060ba00000, 0x000000060bc00000|  0%| F|  |TAMS 0x000000060ba00000, 0x000000060ba00000| Untracked 
|  73|0x000000060bc00000, 0x000000060bc00000, 0x000000060be00000|  0%| F|  |TAMS 0x000000060bc00000, 0x000000060bc00000| Untracked 
|  74|0x000000060be00000, 0x000000060be00000, 0x000000060c000000|  0%| F|  |TAMS 0x000000060be00000, 0x000000060be00000| Untracked 
|  75|0x000000060c000000, 0x000000060c000000, 0x000000060c200000|  0%| F|  |TAMS 0x000000060c000000, 0x000000060c000000| Untracked 
|  76|0x000000060c200000, 0x000000060c200000, 0x000000060c400000|  0%| F|  |TAMS 0x000000060c200000, 0x000000060c200000| Untracked 
|  77|0x000000060c400000, 0x000000060c400000, 0x000000060c600000|  0%| F|  |TAMS 0x000000060c400000, 0x000000060c400000| Untracked 
|  78|0x000000060c600000, 0x000000060c600000, 0x000000060c800000|  0%| F|  |TAMS 0x000000060c600000, 0x000000060c600000| Untracked 
|  79|0x000000060c800000, 0x000000060c800000, 0x000000060ca00000|  0%| F|  |TAMS 0x000000060c800000, 0x000000060c800000| Untracked 
|  80|0x000000060ca00000, 0x000000060ca00000, 0x000000060cc00000|  0%| F|  |TAMS 0x000000060ca00000, 0x000000060ca00000| Untracked 
|  81|0x000000060cc00000, 0x000000060cc00000, 0x000000060ce00000|  0%| F|  |TAMS 0x000000060cc00000, 0x000000060cc00000| Untracked 
|  82|0x000000060ce00000, 0x000000060ce00000, 0x000000060d000000|  0%| F|  |TAMS 0x000000060ce00000, 0x000000060ce00000| Untracked 
|  83|0x000000060d000000, 0x000000060d000000, 0x000000060d200000|  0%| F|  |TAMS 0x000000060d000000, 0x000000060d000000| Untracked 
|  84|0x000000060d200000, 0x000000060d200000, 0x000000060d400000|  0%| F|  |TAMS 0x000000060d200000, 0x000000060d200000| Untracked 
|  85|0x000000060d400000, 0x000000060d400000, 0x000000060d600000|  0%| F|  |TAMS 0x000000060d400000, 0x000000060d400000| Untracked 
|  86|0x000000060d600000, 0x000000060d600000, 0x000000060d800000|  0%| F|  |TAMS 0x000000060d600000, 0x000000060d600000| Untracked 
|  87|0x000000060d800000, 0x000000060d800000, 0x000000060da00000|  0%| F|  |TAMS 0x000000060d800000, 0x000000060d800000| Untracked 
|  88|0x000000060da00000, 0x000000060da00000, 0x000000060dc00000|  0%| F|  |TAMS 0x000000060da00000, 0x000000060da00000| Untracked 
|  89|0x000000060dc00000, 0x000000060dc00000, 0x000000060de00000|  0%| F|  |TAMS 0x000000060dc00000, 0x000000060dc00000| Untracked 
|  90|0x000000060de00000, 0x000000060de00000, 0x000000060e000000|  0%| F|  |TAMS 0x000000060de00000, 0x000000060de00000| Untracked 
|  91|0x000000060e000000, 0x000000060e000000, 0x000000060e200000|  0%| F|  |TAMS 0x000000060e000000, 0x000000060e000000| Untracked 
|  92|0x000000060e200000, 0x000000060e200000, 0x000000060e400000|  0%| F|  |TAMS 0x000000060e200000, 0x000000060e200000| Untracked 
|  93|0x000000060e400000, 0x000000060e400000, 0x000000060e600000|  0%| F|  |TAMS 0x000000060e400000, 0x000000060e400000| Untracked 
|  94|0x000000060e600000, 0x000000060e600000, 0x000000060e800000|  0%| F|  |TAMS 0x000000060e600000, 0x000000060e600000| Untracked 
|  95|0x000000060e800000, 0x000000060e800000, 0x000000060ea00000|  0%| F|  |TAMS 0x000000060e800000, 0x000000060e800000| Untracked 
|  96|0x000000060ea00000, 0x000000060ea00000, 0x000000060ec00000|  0%| F|  |TAMS 0x000000060ea00000, 0x000000060ea00000| Untracked 
|  97|0x000000060ec00000, 0x000000060ec00000, 0x000000060ee00000|  0%| F|  |TAMS 0x000000060ec00000, 0x000000060ec00000| Untracked 
|  98|0x000000060ee00000, 0x000000060ee00000, 0x000000060f000000|  0%| F|  |TAMS 0x000000060ee00000, 0x000000060ee00000| Untracked 
|  99|0x000000060f000000, 0x000000060f000000, 0x000000060f200000|  0%| F|  |TAMS 0x000000060f000000, 0x000000060f000000| Untracked 
| 100|0x000000060f200000, 0x000000060f200000, 0x000000060f400000|  0%| F|  |TAMS 0x000000060f200000, 0x000000060f200000| Untracked 
| 101|0x000000060f400000, 0x000000060f400000, 0x000000060f600000|  0%| F|  |TAMS 0x000000060f400000, 0x000000060f400000| Untracked 
| 102|0x000000060f600000, 0x000000060f600000, 0x000000060f800000|  0%| F|  |TAMS 0x000000060f600000, 0x000000060f600000| Untracked 
| 103|0x000000060f800000, 0x000000060f800000, 0x000000060fa00000|  0%| F|  |TAMS 0x000000060f800000, 0x000000060f800000| Untracked 
| 104|0x000000060fa00000, 0x000000060fa00000, 0x000000060fc00000|  0%| F|  |TAMS 0x000000060fa00000, 0x000000060fa00000| Untracked 
| 105|0x000000060fc00000, 0x000000060fc00000, 0x000000060fe00000|  0%| F|  |TAMS 0x000000060fc00000, 0x000000060fc00000| Untracked 
| 106|0x000000060fe00000, 0x000000060fe00000, 0x0000000610000000|  0%| F|  |TAMS 0x000000060fe00000, 0x000000060fe00000| Untracked 
| 107|0x0000000610000000, 0x0000000610000000, 0x0000000610200000|  0%| F|  |TAMS 0x0000000610000000, 0x0000000610000000| Untracked 
| 108|0x0000000610200000, 0x0000000610200000, 0x0000000610400000|  0%| F|  |TAMS 0x0000000610200000, 0x0000000610200000| Untracked 
| 109|0x0000000610400000, 0x0000000610400000, 0x0000000610600000|  0%| F|  |TAMS 0x0000000610400000, 0x0000000610400000| Untracked 
| 110|0x0000000610600000, 0x0000000610600000, 0x0000000610800000|  0%| F|  |TAMS 0x0000000610600000, 0x0000000610600000| Untracked 
| 111|0x0000000610800000, 0x0000000610800000, 0x0000000610a00000|  0%| F|  |TAMS 0x0000000610800000, 0x0000000610800000| Untracked 
| 112|0x0000000610a00000, 0x0000000610a00000, 0x0000000610c00000|  0%| F|  |TAMS 0x0000000610a00000, 0x0000000610a00000| Untracked 
| 113|0x0000000610c00000, 0x0000000610c00000, 0x0000000610e00000|  0%| F|  |TAMS 0x0000000610c00000, 0x0000000610c00000| Untracked 
| 114|0x0000000610e00000, 0x0000000610e00000, 0x0000000611000000|  0%| F|  |TAMS 0x0000000610e00000, 0x0000000610e00000| Untracked 
| 115|0x0000000611000000, 0x0000000611000000, 0x0000000611200000|  0%| F|  |TAMS 0x0000000611000000, 0x0000000611000000| Untracked 
| 116|0x0000000611200000, 0x0000000611200000, 0x0000000611400000|  0%| F|  |TAMS 0x0000000611200000, 0x0000000611200000| Untracked 
| 117|0x0000000611400000, 0x0000000611400000, 0x0000000611600000|  0%| F|  |TAMS 0x0000000611400000, 0x0000000611400000| Untracked 
| 118|0x0000000611600000, 0x0000000611600000, 0x0000000611800000|  0%| F|  |TAMS 0x0000000611600000, 0x0000000611600000| Untracked 
| 119|0x0000000611800000, 0x0000000611800000, 0x0000000611a00000|  0%| F|  |TAMS 0x0000000611800000, 0x0000000611800000| Untracked 
| 120|0x0000000611a00000, 0x0000000611a00000, 0x0000000611c00000|  0%| F|  |TAMS 0x0000000611a00000, 0x0000000611a00000| Untracked 
| 121|0x0000000611c00000, 0x0000000611c00000, 0x0000000611e00000|  0%| F|  |TAMS 0x0000000611c00000, 0x0000000611c00000| Untracked 
| 122|0x0000000611e00000, 0x0000000611e00000, 0x0000000612000000|  0%| F|  |TAMS 0x0000000611e00000, 0x0000000611e00000| Untracked 
| 123|0x0000000612000000, 0x0000000612000000, 0x0000000612200000|  0%| F|  |TAMS 0x0000000612000000, 0x0000000612000000| Untracked 
| 124|0x0000000612200000, 0x0000000612200000, 0x0000000612400000|  0%| F|  |TAMS 0x0000000612200000, 0x0000000612200000| Untracked 
| 125|0x0000000612400000, 0x0000000612400000, 0x0000000612600000|  0%| F|  |TAMS 0x0000000612400000, 0x0000000612400000| Untracked 
| 126|0x0000000612600000, 0x0000000612600000, 0x0000000612800000|  0%| F|  |TAMS 0x0000000612600000, 0x0000000612600000| Untracked 
| 127|0x0000000612800000, 0x0000000612800000, 0x0000000612a00000|  0%| F|  |TAMS 0x0000000612800000, 0x0000000612800000| Untracked 
| 128|0x0000000612a00000, 0x0000000612a00000, 0x0000000612c00000|  0%| F|  |TAMS 0x0000000612a00000, 0x0000000612a00000| Untracked 
| 129|0x0000000612c00000, 0x0000000612c00000, 0x0000000612e00000|  0%| F|  |TAMS 0x0000000612c00000, 0x0000000612c00000| Untracked 
| 130|0x0000000612e00000, 0x0000000612e00000, 0x0000000613000000|  0%| F|  |TAMS 0x0000000612e00000, 0x0000000612e00000| Untracked 
| 131|0x0000000613000000, 0x0000000613000000, 0x0000000613200000|  0%| F|  |TAMS 0x0000000613000000, 0x0000000613000000| Untracked 
| 132|0x0000000613200000, 0x0000000613200000, 0x0000000613400000|  0%| F|  |TAMS 0x0000000613200000, 0x0000000613200000| Untracked 
| 133|0x0000000613400000, 0x0000000613400000, 0x0000000613600000|  0%| F|  |TAMS 0x0000000613400000, 0x0000000613400000| Untracked 
| 134|0x0000000613600000, 0x0000000613600000, 0x0000000613800000|  0%| F|  |TAMS 0x0000000613600000, 0x0000000613600000| Untracked 
| 135|0x0000000613800000, 0x0000000613800000, 0x0000000613a00000|  0%| F|  |TAMS 0x0000000613800000, 0x0000000613800000| Untracked 
| 136|0x0000000613a00000, 0x0000000613a00000, 0x0000000613c00000|  0%| F|  |TAMS 0x0000000613a00000, 0x0000000613a00000| Untracked 
| 137|0x0000000613c00000, 0x0000000613c00000, 0x0000000613e00000|  0%| F|  |TAMS 0x0000000613c00000, 0x0000000613c00000| Untracked 
| 138|0x0000000613e00000, 0x0000000613e00000, 0x0000000614000000|  0%| F|  |TAMS 0x0000000613e00000, 0x0000000613e00000| Untracked 
| 139|0x0000000614000000, 0x0000000614000000, 0x0000000614200000|  0%| F|  |TAMS 0x0000000614000000, 0x0000000614000000| Untracked 
| 140|0x0000000614200000, 0x0000000614200000, 0x0000000614400000|  0%| F|  |TAMS 0x0000000614200000, 0x0000000614200000| Untracked 
| 141|0x0000000614400000, 0x0000000614400000, 0x0000000614600000|  0%| F|  |TAMS 0x0000000614400000, 0x0000000614400000| Untracked 
| 142|0x0000000614600000, 0x0000000614600000, 0x0000000614800000|  0%| F|  |TAMS 0x0000000614600000, 0x0000000614600000| Untracked 
| 143|0x0000000614800000, 0x0000000614800000, 0x0000000614a00000|  0%| F|  |TAMS 0x0000000614800000, 0x0000000614800000| Untracked 
| 144|0x0000000614a00000, 0x0000000614a00000, 0x0000000614c00000|  0%| F|  |TAMS 0x0000000614a00000, 0x0000000614a00000| Untracked 
| 145|0x0000000614c00000, 0x0000000614c00000, 0x0000000614e00000|  0%| F|  |TAMS 0x0000000614c00000, 0x0000000614c00000| Untracked 
| 146|0x0000000614e00000, 0x0000000614e00000, 0x0000000615000000|  0%| F|  |TAMS 0x0000000614e00000, 0x0000000614e00000| Untracked 
| 147|0x0000000615000000, 0x0000000615000000, 0x0000000615200000|  0%| F|  |TAMS 0x0000000615000000, 0x0000000615000000| Untracked 
| 148|0x0000000615200000, 0x0000000615200000, 0x0000000615400000|  0%| F|  |TAMS 0x0000000615200000, 0x0000000615200000| Untracked 
| 149|0x0000000615400000, 0x0000000615400000, 0x0000000615600000|  0%| F|  |TAMS 0x0000000615400000, 0x0000000615400000| Untracked 
| 150|0x0000000615600000, 0x0000000615600000, 0x0000000615800000|  0%| F|  |TAMS 0x0000000615600000, 0x0000000615600000| Untracked 
| 151|0x0000000615800000, 0x0000000615800000, 0x0000000615a00000|  0%| F|  |TAMS 0x0000000615800000, 0x0000000615800000| Untracked 
| 152|0x0000000615a00000, 0x0000000615a00000, 0x0000000615c00000|  0%| F|  |TAMS 0x0000000615a00000, 0x0000000615a00000| Untracked 
| 153|0x0000000615c00000, 0x0000000615c00000, 0x0000000615e00000|  0%| F|  |TAMS 0x0000000615c00000, 0x0000000615c00000| Untracked 
| 154|0x0000000615e00000, 0x0000000615e00000, 0x0000000616000000|  0%| F|  |TAMS 0x0000000615e00000, 0x0000000615e00000| Untracked 
| 155|0x0000000616000000, 0x0000000616000000, 0x0000000616200000|  0%| F|  |TAMS 0x0000000616000000, 0x0000000616000000| Untracked 
| 156|0x0000000616200000, 0x0000000616200000, 0x0000000616400000|  0%| F|  |TAMS 0x0000000616200000, 0x0000000616200000| Untracked 
| 157|0x0000000616400000, 0x0000000616400000, 0x0000000616600000|  0%| F|  |TAMS 0x0000000616400000, 0x0000000616400000| Untracked 
| 158|0x0000000616600000, 0x0000000616600000, 0x0000000616800000|  0%| F|  |TAMS 0x0000000616600000, 0x0000000616600000| Untracked 
| 159|0x0000000616800000, 0x0000000616800000, 0x0000000616a00000|  0%| F|  |TAMS 0x0000000616800000, 0x0000000616800000| Untracked 
| 160|0x0000000616a00000, 0x0000000616a00000, 0x0000000616c00000|  0%| F|  |TAMS 0x0000000616a00000, 0x0000000616a00000| Untracked 
| 161|0x0000000616c00000, 0x0000000616c00000, 0x0000000616e00000|  0%| F|  |TAMS 0x0000000616c00000, 0x0000000616c00000| Untracked 
| 162|0x0000000616e00000, 0x0000000616e00000, 0x0000000617000000|  0%| F|  |TAMS 0x0000000616e00000, 0x0000000616e00000| Untracked 
| 163|0x0000000617000000, 0x0000000617000000, 0x0000000617200000|  0%| F|  |TAMS 0x0000000617000000, 0x0000000617000000| Untracked 
| 164|0x0000000617200000, 0x0000000617200000, 0x0000000617400000|  0%| F|  |TAMS 0x0000000617200000, 0x0000000617200000| Untracked 
| 165|0x0000000617400000, 0x0000000617400000, 0x0000000617600000|  0%| F|  |TAMS 0x0000000617400000, 0x0000000617400000| Untracked 
| 166|0x0000000617600000, 0x0000000617600000, 0x0000000617800000|  0%| F|  |TAMS 0x0000000617600000, 0x0000000617600000| Untracked 
| 167|0x0000000617800000, 0x0000000617800000, 0x0000000617a00000|  0%| F|  |TAMS 0x0000000617800000, 0x0000000617800000| Untracked 
| 168|0x0000000617a00000, 0x0000000617a00000, 0x0000000617c00000|  0%| F|  |TAMS 0x0000000617a00000, 0x0000000617a00000| Untracked 
| 169|0x0000000617c00000, 0x0000000617c00000, 0x0000000617e00000|  0%| F|  |TAMS 0x0000000617c00000, 0x0000000617c00000| Untracked 
| 170|0x0000000617e00000, 0x0000000617e00000, 0x0000000618000000|  0%| F|  |TAMS 0x0000000617e00000, 0x0000000617e00000| Untracked 
| 171|0x0000000618000000, 0x0000000618000000, 0x0000000618200000|  0%| F|  |TAMS 0x0000000618000000, 0x0000000618000000| Untracked 
| 172|0x0000000618200000, 0x0000000618200000, 0x0000000618400000|  0%| F|  |TAMS 0x0000000618200000, 0x0000000618200000| Untracked 
| 173|0x0000000618400000, 0x0000000618400000, 0x0000000618600000|  0%| F|  |TAMS 0x0000000618400000, 0x0000000618400000| Untracked 
| 174|0x0000000618600000, 0x0000000618600000, 0x0000000618800000|  0%| F|  |TAMS 0x0000000618600000, 0x0000000618600000| Untracked 
| 175|0x0000000618800000, 0x0000000618800000, 0x0000000618a00000|  0%| F|  |TAMS 0x0000000618800000, 0x0000000618800000| Untracked 
| 176|0x0000000618a00000, 0x0000000618a00000, 0x0000000618c00000|  0%| F|  |TAMS 0x0000000618a00000, 0x0000000618a00000| Untracked 
| 177|0x0000000618c00000, 0x0000000618c00000, 0x0000000618e00000|  0%| F|  |TAMS 0x0000000618c00000, 0x0000000618c00000| Untracked 
| 178|0x0000000618e00000, 0x0000000618e00000, 0x0000000619000000|  0%| F|  |TAMS 0x0000000618e00000, 0x0000000618e00000| Untracked 
| 179|0x0000000619000000, 0x0000000619000000, 0x0000000619200000|  0%| F|  |TAMS 0x0000000619000000, 0x0000000619000000| Untracked 
| 180|0x0000000619200000, 0x0000000619200000, 0x0000000619400000|  0%| F|  |TAMS 0x0000000619200000, 0x0000000619200000| Untracked 
| 181|0x0000000619400000, 0x0000000619400000, 0x0000000619600000|  0%| F|  |TAMS 0x0000000619400000, 0x0000000619400000| Untracked 
| 182|0x0000000619600000, 0x0000000619600000, 0x0000000619800000|  0%| F|  |TAMS 0x0000000619600000, 0x0000000619600000| Untracked 
| 183|0x0000000619800000, 0x0000000619800000, 0x0000000619a00000|  0%| F|  |TAMS 0x0000000619800000, 0x0000000619800000| Untracked 
| 184|0x0000000619a00000, 0x0000000619a00000, 0x0000000619c00000|  0%| F|  |TAMS 0x0000000619a00000, 0x0000000619a00000| Untracked 
| 185|0x0000000619c00000, 0x0000000619c00000, 0x0000000619e00000|  0%| F|  |TAMS 0x0000000619c00000, 0x0000000619c00000| Untracked 
| 186|0x0000000619e00000, 0x0000000619e00000, 0x000000061a000000|  0%| F|  |TAMS 0x0000000619e00000, 0x0000000619e00000| Untracked 
| 187|0x000000061a000000, 0x000000061a000000, 0x000000061a200000|  0%| F|  |TAMS 0x000000061a000000, 0x000000061a000000| Untracked 
| 188|0x000000061a200000, 0x000000061a200000, 0x000000061a400000|  0%| F|  |TAMS 0x000000061a200000, 0x000000061a200000| Untracked 
| 189|0x000000061a400000, 0x000000061a400000, 0x000000061a600000|  0%| F|  |TAMS 0x000000061a400000, 0x000000061a400000| Untracked 
| 190|0x000000061a600000, 0x000000061a600000, 0x000000061a800000|  0%| F|  |TAMS 0x000000061a600000, 0x000000061a600000| Untracked 
| 191|0x000000061a800000, 0x000000061a800000, 0x000000061aa00000|  0%| F|  |TAMS 0x000000061a800000, 0x000000061a800000| Untracked 
| 192|0x000000061aa00000, 0x000000061aa00000, 0x000000061ac00000|  0%| F|  |TAMS 0x000000061aa00000, 0x000000061aa00000| Untracked 
| 193|0x000000061ac00000, 0x000000061ac00000, 0x000000061ae00000|  0%| F|  |TAMS 0x000000061ac00000, 0x000000061ac00000| Untracked 
| 194|0x000000061ae00000, 0x000000061ae00000, 0x000000061b000000|  0%| F|  |TAMS 0x000000061ae00000, 0x000000061ae00000| Untracked 
| 195|0x000000061b000000, 0x000000061b000000, 0x000000061b200000|  0%| F|  |TAMS 0x000000061b000000, 0x000000061b000000| Untracked 
| 196|0x000000061b200000, 0x000000061b200000, 0x000000061b400000|  0%| F|  |TAMS 0x000000061b200000, 0x000000061b200000| Untracked 
| 197|0x000000061b400000, 0x000000061b400000, 0x000000061b600000|  0%| F|  |TAMS 0x000000061b400000, 0x000000061b400000| Untracked 
| 198|0x000000061b600000, 0x000000061b600000, 0x000000061b800000|  0%| F|  |TAMS 0x000000061b600000, 0x000000061b600000| Untracked 
| 199|0x000000061b800000, 0x000000061b800000, 0x000000061ba00000|  0%| F|  |TAMS 0x000000061b800000, 0x000000061b800000| Untracked 
| 200|0x000000061ba00000, 0x000000061ba00000, 0x000000061bc00000|  0%| F|  |TAMS 0x000000061ba00000, 0x000000061ba00000| Untracked 
| 201|0x000000061bc00000, 0x000000061bc00000, 0x000000061be00000|  0%| F|  |TAMS 0x000000061bc00000, 0x000000061bc00000| Untracked 
| 202|0x000000061be00000, 0x000000061be00000, 0x000000061c000000|  0%| F|  |TAMS 0x000000061be00000, 0x000000061be00000| Untracked 
| 203|0x000000061c000000, 0x000000061c000000, 0x000000061c200000|  0%| F|  |TAMS 0x000000061c000000, 0x000000061c000000| Untracked 
| 204|0x000000061c200000, 0x000000061c200000, 0x000000061c400000|  0%| F|  |TAMS 0x000000061c200000, 0x000000061c200000| Untracked 
| 205|0x000000061c400000, 0x000000061c400000, 0x000000061c600000|  0%| F|  |TAMS 0x000000061c400000, 0x000000061c400000| Untracked 
| 206|0x000000061c600000, 0x000000061c600000, 0x000000061c800000|  0%| F|  |TAMS 0x000000061c600000, 0x000000061c600000| Untracked 
| 207|0x000000061c800000, 0x000000061c800000, 0x000000061ca00000|  0%| F|  |TAMS 0x000000061c800000, 0x000000061c800000| Untracked 
| 208|0x000000061ca00000, 0x000000061ca00000, 0x000000061cc00000|  0%| F|  |TAMS 0x000000061ca00000, 0x000000061ca00000| Untracked 
| 209|0x000000061cc00000, 0x000000061cc00000, 0x000000061ce00000|  0%| F|  |TAMS 0x000000061cc00000, 0x000000061cc00000| Untracked 
| 210|0x000000061ce00000, 0x000000061ce00000, 0x000000061d000000|  0%| F|  |TAMS 0x000000061ce00000, 0x000000061ce00000| Untracked 
| 211|0x000000061d000000, 0x000000061d000000, 0x000000061d200000|  0%| F|  |TAMS 0x000000061d000000, 0x000000061d000000| Untracked 
| 212|0x000000061d200000, 0x000000061d200000, 0x000000061d400000|  0%| F|  |TAMS 0x000000061d200000, 0x000000061d200000| Untracked 
| 213|0x000000061d400000, 0x000000061d400000, 0x000000061d600000|  0%| F|  |TAMS 0x000000061d400000, 0x000000061d400000| Untracked 
| 214|0x000000061d600000, 0x000000061d600000, 0x000000061d800000|  0%| F|  |TAMS 0x000000061d600000, 0x000000061d600000| Untracked 
| 215|0x000000061d800000, 0x000000061d800000, 0x000000061da00000|  0%| F|  |TAMS 0x000000061d800000, 0x000000061d800000| Untracked 
| 216|0x000000061da00000, 0x000000061da00000, 0x000000061dc00000|  0%| F|  |TAMS 0x000000061da00000, 0x000000061da00000| Untracked 
| 217|0x000000061dc00000, 0x000000061dc00000, 0x000000061de00000|  0%| F|  |TAMS 0x000000061dc00000, 0x000000061dc00000| Untracked 
| 218|0x000000061de00000, 0x000000061de00000, 0x000000061e000000|  0%| F|  |TAMS 0x000000061de00000, 0x000000061de00000| Untracked 
| 219|0x000000061e000000, 0x000000061e000000, 0x000000061e200000|  0%| F|  |TAMS 0x000000061e000000, 0x000000061e000000| Untracked 
| 220|0x000000061e200000, 0x000000061e200000, 0x000000061e400000|  0%| F|  |TAMS 0x000000061e200000, 0x000000061e200000| Untracked 
| 221|0x000000061e400000, 0x000000061e400000, 0x000000061e600000|  0%| F|  |TAMS 0x000000061e400000, 0x000000061e400000| Untracked 
| 222|0x000000061e600000, 0x000000061e600000, 0x000000061e800000|  0%| F|  |TAMS 0x000000061e600000, 0x000000061e600000| Untracked 
| 223|0x000000061e800000, 0x000000061e800000, 0x000000061ea00000|  0%| F|  |TAMS 0x000000061e800000, 0x000000061e800000| Untracked 
| 224|0x000000061ea00000, 0x000000061ea00000, 0x000000061ec00000|  0%| F|  |TAMS 0x000000061ea00000, 0x000000061ea00000| Untracked 
| 225|0x000000061ec00000, 0x000000061ec00000, 0x000000061ee00000|  0%| F|  |TAMS 0x000000061ec00000, 0x000000061ec00000| Untracked 
| 226|0x000000061ee00000, 0x000000061ee00000, 0x000000061f000000|  0%| F|  |TAMS 0x000000061ee00000, 0x000000061ee00000| Untracked 
| 227|0x000000061f000000, 0x000000061f000000, 0x000000061f200000|  0%| F|  |TAMS 0x000000061f000000, 0x000000061f000000| Untracked 
| 228|0x000000061f200000, 0x000000061f200000, 0x000000061f400000|  0%| F|  |TAMS 0x000000061f200000, 0x000000061f200000| Untracked 
| 229|0x000000061f400000, 0x000000061f400000, 0x000000061f600000|  0%| F|  |TAMS 0x000000061f400000, 0x000000061f400000| Untracked 
| 230|0x000000061f600000, 0x000000061f600000, 0x000000061f800000|  0%| F|  |TAMS 0x000000061f600000, 0x000000061f600000| Untracked 
| 231|0x000000061f800000, 0x000000061f800000, 0x000000061fa00000|  0%| F|  |TAMS 0x000000061f800000, 0x000000061f800000| Untracked 
| 232|0x000000061fa00000, 0x000000061fa00000, 0x000000061fc00000|  0%| F|  |TAMS 0x000000061fa00000, 0x000000061fa00000| Untracked 
| 233|0x000000061fc00000, 0x000000061fc00000, 0x000000061fe00000|  0%| F|  |TAMS 0x000000061fc00000, 0x000000061fc00000| Untracked 
| 234|0x000000061fe00000, 0x000000061fe00000, 0x0000000620000000|  0%| F|  |TAMS 0x000000061fe00000, 0x000000061fe00000| Untracked 
| 235|0x0000000620000000, 0x0000000620000000, 0x0000000620200000|  0%| F|  |TAMS 0x0000000620000000, 0x0000000620000000| Untracked 
| 236|0x0000000620200000, 0x0000000620200000, 0x0000000620400000|  0%| F|  |TAMS 0x0000000620200000, 0x0000000620200000| Untracked 
| 237|0x0000000620400000, 0x0000000620400000, 0x0000000620600000|  0%| F|  |TAMS 0x0000000620400000, 0x0000000620400000| Untracked 
| 238|0x0000000620600000, 0x0000000620600000, 0x0000000620800000|  0%| F|  |TAMS 0x0000000620600000, 0x0000000620600000| Untracked 
| 239|0x0000000620800000, 0x0000000620800000, 0x0000000620a00000|  0%| F|  |TAMS 0x0000000620800000, 0x0000000620800000| Untracked 
| 240|0x0000000620a00000, 0x0000000620a00000, 0x0000000620c00000|  0%| F|  |TAMS 0x0000000620a00000, 0x0000000620a00000| Untracked 
| 241|0x0000000620c00000, 0x0000000620cf5270, 0x0000000620e00000| 47%| S|CS|TAMS 0x0000000620c00000, 0x0000000620c00000| Complete 
| 242|0x0000000620e00000, 0x0000000621000000, 0x0000000621000000|100%| S|CS|TAMS 0x0000000620e00000, 0x0000000620e00000| Complete 
| 243|0x0000000621000000, 0x0000000621000000, 0x0000000621200000|  0%| F|  |TAMS 0x0000000621000000, 0x0000000621000000| Untracked 
| 244|0x0000000621200000, 0x0000000621200000, 0x0000000621400000|  0%| F|  |TAMS 0x0000000621200000, 0x0000000621200000| Untracked 
| 245|0x0000000621400000, 0x0000000621400000, 0x0000000621600000|  0%| F|  |TAMS 0x0000000621400000, 0x0000000621400000| Untracked 
| 246|0x0000000621600000, 0x0000000621600000, 0x0000000621800000|  0%| F|  |TAMS 0x0000000621600000, 0x0000000621600000| Untracked 
| 247|0x0000000621800000, 0x0000000621800000, 0x0000000621a00000|  0%| F|  |TAMS 0x0000000621800000, 0x0000000621800000| Untracked 
| 248|0x0000000621a00000, 0x0000000621a00000, 0x0000000621c00000|  0%| F|  |TAMS 0x0000000621a00000, 0x0000000621a00000| Untracked 
| 249|0x0000000621c00000, 0x0000000621c00000, 0x0000000621e00000|  0%| F|  |TAMS 0x0000000621c00000, 0x0000000621c00000| Untracked 
| 250|0x0000000621e00000, 0x0000000622000000, 0x0000000622000000|100%| E|  |TAMS 0x0000000621e00000, 0x0000000621e00000| Complete 
| 251|0x0000000622000000, 0x0000000622200000, 0x0000000622200000|100%| E|CS|TAMS 0x0000000622000000, 0x0000000622000000| Complete 
| 252|0x0000000622200000, 0x0000000622400000, 0x0000000622400000|100%| E|CS|TAMS 0x0000000622200000, 0x0000000622200000| Complete 
| 253|0x0000000622400000, 0x0000000622600000, 0x0000000622600000|100%| E|CS|TAMS 0x0000000622400000, 0x0000000622400000| Complete 
| 254|0x0000000622600000, 0x0000000622800000, 0x0000000622800000|100%| E|CS|TAMS 0x0000000622600000, 0x0000000622600000| Complete 

Card table byte_map: [0x0000019d40ae0000,0x0000019d41ad0000] _byte_map_base: 0x0000019d3dacb000

Marking Bits (Prev, Next): (CMBitMap*) 0x0000019d2809bd78, (CMBitMap*) 0x0000019d2809bdb8
 Prev Bits: [0x0000019d42ac0000, 0x0000019d4aa18000)
 Next Bits: [0x0000019d4aa20000, 0x0000019d52978000)

Polling page: 0x0000019d25fc0000

Metaspace:

Usage:
  Non-class:     10.11 MB capacity,    10.01 MB ( 99%) used,    82.16 KB ( <1%) free+waste,    23.38 KB ( <1%) overhead. 
      Class:      1.30 MB capacity,     1.19 MB ( 92%) used,    92.65 KB (  7%) free+waste,    14.13 KB (  1%) overhead. 
       Both:     11.41 MB capacity,    11.20 MB ( 98%) used,   174.81 KB (  1%) free+waste,    37.50 KB ( <1%) overhead. 

Virtual space:
  Non-class space:       12.00 MB reserved,      10.25 MB ( 85%) committed 
      Class space:        1.00 GB reserved,       1.38 MB ( <1%) committed 
             Both:        1.01 GB reserved,      11.63 MB (  1%) committed 

Chunk freelists:
   Non-Class:  16.00 KB
       Class:  14.00 KB
        Both:  30.00 KB

MaxMetaspaceSize: 17179869184.00 GB
CompressedClassSpaceSize: 1.00 GB

CodeHeap 'non-profiled nmethods': size=120000Kb used=386Kb max_used=386Kb free=119613Kb
 bounds [0x0000019d38290000, 0x0000019d38500000, 0x0000019d3f7c0000]
CodeHeap 'profiled nmethods': size=120000Kb used=1782Kb max_used=1782Kb free=118218Kb
 bounds [0x0000019d30d60000, 0x0000019d30fd0000, 0x0000019d38290000]
CodeHeap 'non-nmethods': size=5760Kb used=1338Kb max_used=1355Kb free=4421Kb
 bounds [0x0000019d307c0000, 0x0000019d30a30000, 0x0000019d30d60000]
 total_blobs=1627 nmethods=987 adapters=553
 compilation: enabled
              stopped_count=0, restarted_count=0
 full_count=0

Compilation events (20 events):
Event: 0.913 Thread 0x0000019d55e51000 nmethod 979 0x0000019d30f18f90 code [0x0000019d30f19160, 0x0000019d30f19578]
Event: 0.913 Thread 0x0000019d55e51000  977       3       java.util.ArrayList$Itr::next (66 bytes)
Event: 0.913 Thread 0x0000019d55e51000 nmethod 977 0x0000019d30f19710 code [0x0000019d30f19900, 0x0000019d30f19d48]
Event: 0.913 Thread 0x0000019d55e51000  980       3       java.lang.invoke.LambdaForm::useCount (90 bytes)
Event: 0.914 Thread 0x0000019d55e51000 nmethod 980 0x0000019d30f19f90 code [0x0000019d30f1a160, 0x0000019d30f1a538]
Event: 0.914 Thread 0x0000019d55e51000  978       3       java.util.ArrayList$Itr::checkForComodification (23 bytes)
Event: 0.914 Thread 0x0000019d55e51000 nmethod 978 0x0000019d30f1a710 code [0x0000019d30f1a8c0, 0x0000019d30f1aaa8]
Event: 0.914 Thread 0x0000019d55e51000  982       3       jdk.internal.org.objectweb.asm.Frame::pop (44 bytes)
Event: 0.914 Thread 0x0000019d55e51000 nmethod 982 0x0000019d30f1ab90 code [0x0000019d30f1ad20, 0x0000019d30f1aeb8]
Event: 0.914 Thread 0x0000019d55e51000  983       3       jdk.internal.org.objectweb.asm.Frame::setLocal (65 bytes)
Event: 0.914 Thread 0x0000019d55e51000 nmethod 983 0x0000019d30f1af90 code [0x0000019d30f1b160, 0x0000019d30f1b6c8]
Event: 0.914 Thread 0x0000019d55e51000  984       3       java.lang.invoke.LambdaFormBuffer::ownedCount (7 bytes)
Event: 0.914 Thread 0x0000019d55e51000 nmethod 984 0x0000019d30f1b890 code [0x0000019d30f1ba20, 0x0000019d30f1bb38]
Event: 0.914 Thread 0x0000019d55e51000  981       3       java.lang.invoke.InvokerBytecodeGenerator::emitStoreInsn (21 bytes)
Event: 0.914 Thread 0x0000019d55e51000 nmethod 981 0x0000019d30f1bc10 code [0x0000019d30f1bdc0, 0x0000019d30f1c038]
Event: 0.914 Thread 0x0000019d55e51000  985       3       jdk.internal.org.objectweb.asm.MethodWriter::visitFieldInsn (258 bytes)
Event: 0.914 Thread 0x0000019d55e50000 nmethod 957 0x0000019d382ef510 code [0x0000019d382ef780, 0x0000019d382f04b0]
Event: 0.915 Thread 0x0000019d55e51000 nmethod 985 0x0000019d30f1c190 code [0x0000019d30f1c400, 0x0000019d30f1cfe8]
Event: 0.915 Thread 0x0000019d55e51000  986       3       jdk.internal.org.objectweb.asm.SymbolTable::addConstantFieldref (10 bytes)
Event: 0.915 Thread 0x0000019d55e51000 nmethod 986 0x0000019d30f1d410 code [0x0000019d30f1d5c0, 0x0000019d30f1d728]

GC Heap History (2 events):
Event: 0.792 GC heap before
{Heap before GC invocations=0 (full 0):
 garbage-first heap   total 522240K, used 22528K [0x0000000602a00000, 0x0000000800000000)
  region size 2048K, 12 young (24576K), 0 survivors (0K)
 Metaspace       used 8112K, capacity 8344K, committed 8448K, reserved 1056768K
  class space    used 807K, capacity 925K, committed 1024K, reserved 1048576K
}
Event: 0.794 GC heap after
{Heap after GC invocations=1 (full 0):
 garbage-first heap   total 522240K, used 3028K [0x0000000602a00000, 0x0000000800000000)
  region size 2048K, 2 young (4096K), 2 survivors (4096K)
 Metaspace       used 8112K, capacity 8344K, committed 8448K, reserved 1056768K
  class space    used 807K, capacity 925K, committed 1024K, reserved 1048576K
}

Deoptimization events (20 events):
Event: 0.839 Thread 0x0000019d568b6000 DEOPT PACKING pc=0x0000019d30edf2df sp=0x0000005d9d9fbe30
Event: 0.839 Thread 0x0000019d568b6000 DEOPT UNPACKING pc=0x0000019d3080964e sp=0x0000005d9d9fb280 mode 0
Event: 0.843 Thread 0x0000019d568b6000 DEOPT PACKING pc=0x0000019d30edf2df sp=0x0000005d9d9fb6d0
Event: 0.843 Thread 0x0000019d568b6000 DEOPT UNPACKING pc=0x0000019d3080964e sp=0x0000005d9d9fab20 mode 0
Event: 0.844 Thread 0x0000019d568b6000 Uncommon trap: trap_request=0xffffff45 fr.pc=0x0000019d382b650c relative=0x000000000000022c
Event: 0.844 Thread 0x0000019d568b6000 Uncommon trap: reason=unstable_if action=reinterpret pc=0x0000019d382b650c method=java.lang.String.indexOf(II)I @ 4 c2
Event: 0.844 Thread 0x0000019d568b6000 DEOPT PACKING pc=0x0000019d382b650c sp=0x0000005d9d9fce30
Event: 0.844 Thread 0x0000019d568b6000 DEOPT UNPACKING pc=0x0000019d3080912f sp=0x0000005d9d9fcde0 mode 2
Event: 0.844 Thread 0x0000019d568b6000 Uncommon trap: trap_request=0xffffff45 fr.pc=0x0000019d382ce920 relative=0x00000000000004a0
Event: 0.844 Thread 0x0000019d568b6000 Uncommon trap: reason=unstable_if action=reinterpret pc=0x0000019d382ce920 method=java.lang.String.substring(II)Ljava/lang/String; @ 31 c2
Event: 0.844 Thread 0x0000019d568b6000 DEOPT PACKING pc=0x0000019d382ce920 sp=0x0000005d9d9fcdf0
Event: 0.844 Thread 0x0000019d568b6000 DEOPT UNPACKING pc=0x0000019d3080912f sp=0x0000005d9d9fcdc0 mode 2
Event: 0.875 Thread 0x0000019d56480800 Uncommon trap: trap_request=0xffffff45 fr.pc=0x0000019d382d6580 relative=0x0000000000000920
Event: 0.875 Thread 0x0000019d56480800 Uncommon trap: reason=unstable_if action=reinterpret pc=0x0000019d382d6580 method=java.util.HashMap.putVal(ILjava/lang/Object;Ljava/lang/Object;ZZ)Ljava/lang/Object; @ 181 c2
Event: 0.875 Thread 0x0000019d56480800 DEOPT PACKING pc=0x0000019d382d6580 sp=0x0000005d9d8fda60
Event: 0.875 Thread 0x0000019d56480800 DEOPT UNPACKING pc=0x0000019d3080912f sp=0x0000005d9d8fd9f0 mode 2
Event: 0.911 Thread 0x0000019d568b6000 Uncommon trap: trap_request=0xffffff45 fr.pc=0x0000019d382e5d4c relative=0x000000000000026c
Event: 0.911 Thread 0x0000019d568b6000 Uncommon trap: reason=unstable_if action=reinterpret pc=0x0000019d382e5d4c method=java.lang.String.startsWith(Ljava/lang/String;I)Z @ 14 c2
Event: 0.911 Thread 0x0000019d568b6000 DEOPT PACKING pc=0x0000019d382e5d4c sp=0x0000005d9d9fc940
Event: 0.911 Thread 0x0000019d568b6000 DEOPT UNPACKING pc=0x0000019d3080912f sp=0x0000005d9d9fc8a0 mode 2

Classes unloaded (0 events):
No events

Classes redefined (0 events):
No events

Internal exceptions (13 events):
Event: 0.142 Thread 0x0000019d28016800 Exception <a 'java/lang/ClassNotFoundException'{0x0000000621e9af88}: sun/awt/resources/spi/awtProvider> (0x0000000621e9af88) 
thrown [./open/src/hotspot/share/classfile/systemDictionary.cpp, line 226]
Event: 0.166 Thread 0x0000019d28016800 Exception <a 'java/io/FileNotFoundException'{0x0000000621eecac8}> (0x0000000621eecac8) 
thrown [./open/src/hotspot/share/prims/jni.cpp, line 599]
Event: 0.170 Thread 0x0000019d28016800 Exception <a 'java/io/FileNotFoundException'{0x0000000621f13268}> (0x0000000621f13268) 
thrown [./open/src/hotspot/share/prims/jni.cpp, line 599]
Event: 0.287 Thread 0x0000019d56480800 Exception <a 'java/lang/NoSuchMethodError'{0x0000000621f77e28}: 'void java.lang.invoke.DirectMethodHandle$Holder.invokeSpecial(java.lang.Object, java.lang.Object)'> (0x0000000621f77e28) 
thrown [./open/src/hotspot/share/interpreter/linkResolver.cpp, line 766]
Event: 0.777 Thread 0x0000019d568b6000 Exception <a 'java/lang/NoSuchMethodError'{0x000000062112c488}: 'java.lang.Object java.lang.invoke.DirectMethodHandle$Holder.invokeStatic(java.lang.Object, int, java.lang.Object, java.lang.Object, java.lang.Object, java.lang.Object)'> (0x000000062112c488) 
thrown [./open/src/hotspot/share/interpreter/linkResolver.cpp, line 766]
Event: 0.777 Thread 0x0000019d568b6000 Exception <a 'java/lang/NoSuchMethodError'{0x0000000621133050}: 'java.lang.Object java.lang.invoke.DirectMethodHandle$Holder.invokeStatic(java.lang.Object, int, java.lang.Object, java.lang.Object, java.lang.Object)'> (0x0000000621133050) 
thrown [./open/src/hotspot/share/interpreter/linkResolver.cpp, line 766]
Event: 0.778 Thread 0x0000019d568b6000 Exception <a 'java/lang/NoSuchMethodError'{0x0000000621136b48}: 'java.lang.Object java.lang.invoke.DirectMethodHandle$Holder.invokeSpecial(java.lang.Object, java.lang.Object, int, java.lang.Object, java.lang.Object, java.lang.Object)'> (0x0000000621136b48) 
thrown [./open/src/hotspot/share/interpreter/linkResolver.cpp, line 766]
Event: 0.779 Thread 0x0000019d568b6000 Exception <a 'java/lang/NoSuchMethodError'{0x000000062114d168}: 'java.lang.Object java.lang.invoke.DirectMethodHandle$Holder.invokeStatic(java.lang.Object, int, java.lang.Object)'> (0x000000062114d168) 
thrown [./open/src/hotspot/share/interpreter/linkResolver.cpp, line 766]
Event: 0.790 Thread 0x0000019d568b6000 Exception <a 'java/lang/ClassNotFoundException'{0x00000006211f1188}: com/sun/swing/internal/plaf/metal/resources/spi/metalProvider> (0x00000006211f1188) 
thrown [./open/src/hotspot/share/classfile/systemDictionary.cpp, line 226]
Event: 0.791 Thread 0x0000019d568b6000 Exception <a 'java/lang/ClassNotFoundException'{0x00000006211f5d80}: com/sun/swing/internal/plaf/basic/resources/spi/basicProvider> (0x00000006211f5d80) 
thrown [./open/src/hotspot/share/classfile/systemDictionary.cpp, line 226]
Event: 0.892 Thread 0x0000019d568b6000 Exception <a 'java/lang/NoSuchMethodError'{0x0000000621f321f0}: 'void java.lang.invoke.DirectMethodHandle$Holder.invokeStaticInit(java.lang.Object)'> (0x0000000621f321f0) 
thrown [./open/src/hotspot/share/interpreter/linkResolver.cpp, line 766]
Event: 0.903 Thread 0x0000019d568b6000 Exception <a 'java/io/FileNotFoundException'{0x0000000621f3ecf0}> (0x0000000621f3ecf0) 
thrown [./open/src/hotspot/share/prims/jni.cpp, line 599]
Event: 0.914 Thread 0x0000019d568b6000 Exception <a 'java/lang/NoSuchMethodError'{0x0000000621fdf3c8}: 'java.lang.Object java.lang.invoke.Invokers$Holder.linkToTargetMethod(java.lang.Object, int, java.lang.Object)'> (0x0000000621fdf3c8) 
thrown [./open/src/hotspot/share/interpreter/linkResolver.cpp, line 766]

Events (20 events):
Event: 0.911 loading class sun/awt/AWTCharset done
Event: 0.911 loading class sun/awt/windows/WDefaultFontCharset done
Event: 0.912 loading class sun/awt/windows/WDefaultFontCharset$Encoder
Event: 0.912 loading class sun/awt/AWTCharset$Encoder
Event: 0.912 loading class sun/awt/AWTCharset$Encoder done
Event: 0.912 loading class sun/awt/windows/WDefaultFontCharset$Encoder done
Event: 0.912 loading class java/io/ByteArrayOutputStream
Event: 0.912 loading class java/io/ByteArrayOutputStream done
Event: 0.912 loading class sun/awt/windows/WingDings
Event: 0.912 loading class sun/awt/windows/WingDings done
Event: 0.912 loading class sun/awt/windows/WingDings$Encoder
Event: 0.912 loading class sun/awt/windows/WingDings$Encoder done
Event: 0.913 loading class sun/awt/Symbol
Event: 0.913 loading class sun/awt/Symbol done
Event: 0.913 loading class sun/awt/Symbol$Encoder
Event: 0.913 loading class sun/awt/Symbol$Encoder done
Event: 0.913 Executing VM operation: HandshakeOneThread
Event: 0.913 Executing VM operation: HandshakeOneThread done
Event: 0.914 Executing VM operation: HandshakeOneThread
Event: 0.914 Executing VM operation: HandshakeOneThread done


Dynamic libraries:
0x00007ff7d1d70000 - 0x00007ff7d1d7f000 	C:\Program Files\Java\jdk-14.0.2\bin\java.exe
0x00007ffca9d70000 - 0x00007ffca9f67000 	C:\WINDOWS\SYSTEM32\ntdll.dll
0x00007ffca8830000 - 0x00007ffca88ed000 	C:\WINDOWS\System32\KERNEL32.DLL
0x00007ffca7640000 - 0x00007ffca790d000 	C:\WINDOWS\System32\KERNELBASE.dll
0x00007ffca7540000 - 0x00007ffca7640000 	C:\WINDOWS\System32\ucrtbase.dll
0x00007ffc9bdd0000 - 0x00007ffc9bde8000 	C:\Program Files\Java\jdk-14.0.2\bin\jli.dll
0x00007ffc9b650000 - 0x00007ffc9b665000 	C:\Program Files\Java\jdk-14.0.2\bin\VCRUNTIME140.dll
0x00007ffca8d60000 - 0x00007ffca8e0e000 	C:\WINDOWS\System32\ADVAPI32.dll
0x00007ffca8e10000 - 0x00007ffca8eae000 	C:\WINDOWS\System32\msvcrt.dll
0x00007ffca9610000 - 0x00007ffca96ac000 	C:\WINDOWS\System32\sechost.dll
0x00007ffca7f80000 - 0x00007ffca80a5000 	C:\WINDOWS\System32\RPCRT4.dll
0x00007ffca7de0000 - 0x00007ffca7f80000 	C:\WINDOWS\System32\USER32.dll
0x00007ffca7b50000 - 0x00007ffca7b72000 	C:\WINDOWS\System32\win32u.dll
0x00007ffc82f70000 - 0x00007ffc8320a000 	C:\WINDOWS\WinSxS\amd64_microsoft.windows.common-controls_6595b64144ccf1df_6.0.19041.1110_none_60b5254171f9507e\COMCTL32.dll
0x00007ffca9930000 - 0x00007ffca995a000 	C:\WINDOWS\System32\GDI32.dll
0x00007ffca7a40000 - 0x00007ffca7b4b000 	C:\WINDOWS\System32\gdi32full.dll
0x00007ffca7b80000 - 0x00007ffca7c1d000 	C:\WINDOWS\System32\msvcp_win.dll
0x00007ffca1c40000 - 0x00007ffca1c4a000 	C:\WINDOWS\SYSTEM32\VERSION.dll
0x00007ffca80b0000 - 0x00007ffca80e0000 	C:\WINDOWS\System32\IMM32.DLL
0x00007ffc8df50000 - 0x00007ffc8dfeb000 	C:\Program Files\Java\jdk-14.0.2\bin\msvcp140.dll
0x00007ffc1de20000 - 0x00007ffc1e93e000 	C:\Program Files\Java\jdk-14.0.2\bin\server\jvm.dll
0x00007ffca9600000 - 0x00007ffca9608000 	C:\WINDOWS\System32\PSAPI.DLL
0x00007ffc9c8e0000 - 0x00007ffc9c907000 	C:\WINDOWS\SYSTEM32\WINMM.dll
0x00007ffbf90c0000 - 0x00007ffbf90c9000 	C:\WINDOWS\SYSTEM32\WSOCK32.dll
0x00007ffca87b0000 - 0x00007ffca881b000 	C:\WINDOWS\System32\WS2_32.dll
0x00007ffca53b0000 - 0x00007ffca53c2000 	C:\WINDOWS\SYSTEM32\kernel.appcore.dll
0x00007ffc9c4c0000 - 0x00007ffc9c4ca000 	C:\Program Files\Java\jdk-14.0.2\bin\jimage.dll
0x00007ffc98d60000 - 0x00007ffc98f44000 	C:\WINDOWS\SYSTEM32\DBGHELP.DLL
0x00007ffc98a20000 - 0x00007ffc98a4c000 	C:\WINDOWS\SYSTEM32\dbgcore.DLL
0x00007ffca7910000 - 0x00007ffca7992000 	C:\WINDOWS\System32\bcryptPrimitives.dll
0x00007ffc9b110000 - 0x00007ffc9b11e000 	C:\Program Files\Java\jdk-14.0.2\bin\instrument.dll
0x00007ffc9b360000 - 0x00007ffc9b385000 	C:\Program Files\Java\jdk-14.0.2\bin\java.dll
0x00007ffc9b630000 - 0x00007ffc9b646000 	C:\Program Files\Java\jdk-14.0.2\bin\zip.dll
0x00007ffca8eb0000 - 0x00007ffca95f4000 	C:\WINDOWS\System32\SHELL32.dll
0x00007ffca55b0000 - 0x00007ffca5d44000 	C:\WINDOWS\SYSTEM32\windows.storage.dll
0x00007ffca83a0000 - 0x00007ffca86f4000 	C:\WINDOWS\System32\combase.dll
0x00007ffca6ef0000 - 0x00007ffca6f1c000 	C:\WINDOWS\SYSTEM32\Wldp.dll
0x00007ffca8700000 - 0x00007ffca87ad000 	C:\WINDOWS\System32\SHCORE.dll
0x00007ffca82e0000 - 0x00007ffca8335000 	C:\WINDOWS\System32\shlwapi.dll
0x00007ffca73d0000 - 0x00007ffca73ef000 	C:\WINDOWS\SYSTEM32\profapi.dll
0x00007ffc9ab20000 - 0x00007ffc9ab39000 	C:\Program Files\Java\jdk-14.0.2\bin\net.dll
0x00007ffc9afb0000 - 0x00007ffc9b0ba000 	C:\WINDOWS\SYSTEM32\WINHTTP.dll
0x00007ffca6c50000 - 0x00007ffca6cba000 	C:\WINDOWS\system32\mswsock.dll
0x00007ffc9aa70000 - 0x00007ffc9aa82000 	C:\Program Files\Java\jdk-14.0.2\bin\nio.dll
0x00007ffc9aa20000 - 0x00007ffc9aa3a000 	C:\Program Files\JetBrains\IntelliJ IDEA Community Edition 2022.1.1\bin\breakgen64.dll
0x00007ffc87730000 - 0x00007ffc878c9000 	C:\Program Files\Java\jdk-14.0.2\bin\awt.dll
0x00007ffca80e0000 - 0x00007ffca81ad000 	C:\WINDOWS\System32\OLEAUT32.dll
0x00007ffca4cf0000 - 0x00007ffca4d80000 	C:\WINDOWS\SYSTEM32\apphelp.dll
0x00007ffca4dd0000 - 0x00007ffca4e6e000 	C:\WINDOWS\system32\uxtheme.dll
0x00007ffc3d990000 - 0x00007ffc3dac1000 	C:\ProgramData\A-Volute\DellInc.AlienwareSoundCenter\Modules\ScheduledModules\x64\AudioDevProps2.dll
0x00007ffca81b0000 - 0x00007ffca82da000 	C:\WINDOWS\System32\ole32.dll
0x00007ffc3e930000 - 0x00007ffc3e9de000 	C:\ProgramData\A-Volute\DellInc.AlienwareSoundCenter\Modules\ScheduledModules\x64\NahimicOSD.dll
0x00007ffc6c650000 - 0x00007ffc6c671000 	C:\ProgramData\A-Volute\DellInc.AlienwareSoundCenter\Modules\ScheduledModules\x64\ProductInfo.dll
0x00007ffca97f0000 - 0x00007ffca9905000 	C:\WINDOWS\System32\MSCTF.dll
0x00007ffca50c0000 - 0x00007ffca50ef000 	C:\WINDOWS\system32\DWMAPI.DLL
0x00007ffc67c20000 - 0x00007ffc67d46000 	C:\WINDOWS\system32\opengl32.dll
0x00007ffc67bf0000 - 0x00007ffc67c1c000 	C:\WINDOWS\SYSTEM32\GLU32.dll
0x00007ffc9a3f0000 - 0x00007ffc9a5bf000 	C:\WINDOWS\system32\d3d9.dll
0x00007ffc9a620000 - 0x00007ffc9a737000 	C:\WINDOWS\System32\DriverStore\FileRepository\nvddi.inf_amd64_8f612ea49f65cbbe\nvldumdx.dll
0x00007ffca7080000 - 0x00007ffca7092000 	C:\WINDOWS\SYSTEM32\msasn1.dll
0x00007ffc9d860000 - 0x00007ffc9d891000 	C:\WINDOWS\SYSTEM32\cryptnet.dll
0x00007ffca7c70000 - 0x00007ffca7dc6000 	C:\WINDOWS\System32\CRYPT32.dll
0x00007ffc9d710000 - 0x00007ffc9d858000 	C:\WINDOWS\SYSTEM32\drvstore.dll
0x00007ffca7240000 - 0x00007ffca726c000 	C:\WINDOWS\SYSTEM32\devobj.dll
0x00007ffca7c20000 - 0x00007ffca7c6e000 	C:\WINDOWS\System32\cfgmgr32.dll
0x00007ffca6e60000 - 0x00007ffca6e6c000 	C:\WINDOWS\SYSTEM32\cryptbase.dll
0x00007ffca79a0000 - 0x00007ffca7a07000 	C:\WINDOWS\System32\WINTRUST.DLL
0x00007ffca9910000 - 0x00007ffca992d000 	C:\WINDOWS\System32\imagehlp.dll
0x00007ffca6e40000 - 0x00007ffca6e58000 	C:\WINDOWS\SYSTEM32\CRYPTSP.dll
0x00007ffca6560000 - 0x00007ffca6594000 	C:\WINDOWS\system32\rsaenh.dll
0x00007ffca7a10000 - 0x00007ffca7a37000 	C:\WINDOWS\System32\bcrypt.dll
0x00007ffc1c610000 - 0x00007ffc1de1a000 	C:\WINDOWS\System32\DriverStore\FileRepository\nvddi.inf_amd64_8f612ea49f65cbbe\nvd3dumx.dll
0x00007ffc70bd0000 - 0x00007ffc70e97000 	C:\WINDOWS\system32\nvspcap64.dll
0x00007ffca6190000 - 0x00007ffca61c3000 	C:\WINDOWS\SYSTEM32\ntmarta.dll
0x00007ffca5d60000 - 0x00007ffca5d83000 	C:\WINDOWS\SYSTEM32\gpapi.dll
0x00007ffc9dad0000 - 0x00007ffc9db0b000 	C:\WINDOWS\SYSTEM32\dxcore.dll
0x00007ffc19450000 - 0x00007ffc1a3f7000 	C:\Users\soma6\.skiko\b3c771e301b5b16c06aaacc0de998266b7bf66d0191c51cfe19fcd72512220b2\skiko-windows-x64.dll
0x00007ffc8dec0000 - 0x00007ffc8df42000 	C:\Program Files\Java\jdk-14.0.2\bin\freetype.dll
0x00007ffc8d4a0000 - 0x00007ffc8d546000 	C:\Program Files\Java\jdk-14.0.2\bin\fontmanager.dll

dbghelp: loaded successfully - version: 4.0.5 - missing functions: none
symbol engine: initialized successfully - sym options: 0x614 - pdb path: .;C:\Program Files\Java\jdk-14.0.2\bin;C:\WINDOWS\SYSTEM32;C:\WINDOWS\WinSxS\amd64_microsoft.windows.common-controls_6595b64144ccf1df_6.0.19041.1110_none_60b5254171f9507e;C:\Program Files\Java\jdk-14.0.2\bin\server;C:\Program Files\JetBrains\IntelliJ IDEA Community Edition 2022.1.1\bin;C:\ProgramData\A-Volute\DellInc.AlienwareSoundCenter\Modules\ScheduledModules\x64;C:\WINDOWS\System32\DriverStore\FileRepository\nvddi.inf_amd64_8f612ea49f65cbbe;C:\Users\soma6\.skiko\b3c771e301b5b16c06aaacc0de998266b7bf66d0191c51cfe19fcd72512220b2

VM Arguments:
jvm_args: -javaagent:C:\Program Files\JetBrains\IntelliJ IDEA Community Edition 2022.1.1\lib\idea_rt.jar=62638:C:\Program Files\JetBrains\IntelliJ IDEA Community Edition 2022.1.1\bin -Dfile.encoding=UTF-8 
java_command: MainKt
java_class_path (initial): C:\Users\soma6\IdeaProjects\signage2\build\classes\kotlin\main;C:\Users\soma6\.gradle\caches\modules-2\files-2.1\org.jetbrains.kotlin\kotlin-stdlib-jdk8\1.6.10\e80fe6ac3c3573a80305f5ec43f86b829e8ab53d\kotlin-stdlib-jdk8-1.6.10.jar;C:\Users\soma6\.gradle\caches\modules-2\files-2.1\com.github.kittinunf.fuel\fuel-kotlinx-serialization\2.3.1\3199204f9c4b3d5a6383c5d7b971f625dbfb1c20\fuel-kotlinx-serialization-2.3.1.jar;C:\Users\soma6\.gradle\caches\modules-2\files-2.1\com.github.kittinunf.fuel\fuel\2.3.1\c1b88ced2b60d50c519526d0a82463561afcbcd4\fuel-2.3.1.jar;C:\Users\soma6\.gradle\caches\modules-2\files-2.1\org.jetbrains.kotlin\kotlin-stdlib-jdk7\1.6.10\e1c380673654a089c4f0c9f83d0ddfdc1efdb498\kotlin-stdlib-jdk7-1.6.10.jar;C:\Users\soma6\.gradle\caches\modules-2\files-2.1\org.jetbrains.kotlin\kotlin-stdlib\1.6.10\b8af3fe6f1ca88526914929add63cf5e7c5049af\kotlin-stdlib-1.6.10.jar;C:\Users\soma6\.gradle\caches\modules-2\files-2.1\com.github.kittinunf.result\result\3.1.0\6fd9f9b9e66bfdeb6a1c27f58e5ea20f54f02d28\result-3.1.0.jar;C:\Users\soma6\.gradle\caches\modules-2\files-2.1\org.jetbrains.compose.desktop\desktop-jvm\1.1.0\5ee1b0cb95662b9ec8e19c2d7f94b38673fdbe14\desktop-jvm-1.1.0.jar;C:\Users\soma6\.gradle\caches\modules-2\files-2.1\org.jetbrains\annotations\13.0\919f0dfe192fb4e063e7dacadee7f8bb9a2672a9\annotations-13.0.jar;C:\Users\soma6\.gradle\caches\modules-2\files-2.1\org.jetbrains.kotlin\kotlin-stdlib-common\1.6.10\c118700e3a33c8a0d9adc920e9dec0831171925\kotlin-stdlib-common-1.6.10.jar;C:\Users\soma6\.gradle\caches\modules-2\files-2.1\org.jetbrains.compose.material\material-desktop\1.1.0\9562f3d1265ac4485d96d6a42788cecf03a0f9fd\material-desktop-1.1.0.jar;C:\Users\soma6\.gradle\caches\modules-2\files-2.1\org.jetbrains.compose.foundation\foundation-desktop\1.1.0\37301aed12391c2b359b7ae4628da760b0dae2c3\foundation-desktop-1.1.0.jar;C:\Users\soma6\.gradle\caches\modules-2\files-2.1\org.jetbrains.compose.ui\ui-desktop\1.1.0\4884062666a55d239c
Launcher Type: SUN_STANDARD

[Global flags]
     intx CICompilerCount                          = 4                                         {product} {ergonomic}
     uint ConcGCThreads                            = 2                                         {product} {ergonomic}
     uint G1ConcRefinementThreads                  = 8                                         {product} {ergonomic}
   size_t G1HeapRegionSize                         = 2097152                                   {product} {ergonomic}
    uintx GCDrainStackTargetSize                   = 64                                        {product} {ergonomic}
   size_t InitialHeapSize                          = 534773760                                 {product} {ergonomic}
   size_t MarkStackSize                            = 4194304                                   {product} {ergonomic}
   size_t MaxHeapSize                              = 8545894400                                {product} {ergonomic}
   size_t MaxNewSize                               = 5127536640                                {product} {ergonomic}
   size_t MinHeapDeltaBytes                        = 2097152                                   {product} {ergonomic}
   size_t MinHeapSize                              = 8388608                                   {product} {ergonomic}
    uintx NonNMethodCodeHeapSize                   = 5839372                                {pd product} {ergonomic}
    uintx NonProfiledCodeHeapSize                  = 122909434                              {pd product} {ergonomic}
    uintx ProfiledCodeHeapSize                     = 122909434                              {pd product} {ergonomic}
    uintx ReservedCodeCacheSize                    = 251658240                              {pd product} {ergonomic}
     bool SegmentedCodeCache                       = true                                      {product} {ergonomic}
   size_t SoftMaxHeapSize                          = 8545894400                             {manageable} {ergonomic}
     bool UseCompressedClassPointers               = true                                 {lp64_product} {ergonomic}
     bool UseCompressedOops                        = true                                 {lp64_product} {ergonomic}
     bool UseG1GC                                  = true                                      {product} {ergonomic}
     bool UseLargePagesIndividualAllocation        = false                                  {pd product} {ergonomic}

Logging:
Log output configuration:
 #0: stdout all=warning uptime,level,tags
 #1: stderr all=off uptime,level,tags

Environment Variables:
JAVA_HOME=C:\Program Files\Java\jdk1.8.0_271
PATH=C:\Program Files\Common Files\Oracle\Java\javapath;C:\Program Files (x86)\Common Files\Oracle\Java\javapath;C:\Windows\system32;C:\Windows;C:\Windows\System32\Wbem;C:\Windows\System32\WindowsPowerShell\v1.0\;C:\Windows\System32\OpenSSH\;C:\Program Files (x86)\NVIDIA Corporation\PhysX\Common;C:\Program Files\NVIDIA Corporation\NVIDIA NvDLISR;C:\Program Files\Microsoft VS Code\bin;C:\Program Files\Git\cmd;C:\WINDOWS\system32;C:\WINDOWS;C:\WINDOWS\System32\Wbem;C:\WINDOWS\System32\WindowsPowerShell\v1.0\;C:\WINDOWS\System32\OpenSSH\;C:\Program Files\dotnet\;C:\PROGRA~1\JPKI;C:\Users\soma6\AppData\Local\Programs\Python\Python310\Scripts\;C:\Users\soma6\AppData\Local\Programs\Python\Python310\;C:\Users\soma6\AppData\Local\Microsoft\WindowsApps;C:\Users\soma6\AppData\Local\GitHubDesktop\bin;C:\Users\soma6\AppData\Local\Microsoft\WindowsApps;C:\Users\soma6\.dotnet\tools;C:\src\flutter\bin;
USERNAME=soma6
OS=Windows_NT
PROCESSOR_IDENTIFIER=Intel64 Family 6 Model 158 Stepping 13, GenuineIntel



---------------  S Y S T E M  ---------------

OS: Windows 10 , 64 bit Build 19041 (10.0.19041.1741)
OS uptime: 10 days 23:30 hours

CPU:total 8 (initial active 8) (8 cores per cpu, 1 threads per core) family 6 model 158 stepping 13, cmov, cx8, fxsr, mmx, sse, sse2, sse3, ssse3, sse4.1, sse4.2, popcnt, avx, avx2, aes, clmul, erms, 3dnowpref, lzcnt, tsc, tscinvbit, bmi1, bmi2, adx, fma

Memory: 4k page, system-wide physical 32593M (11783M free)
TotalPageFile size 37457M (AvailPageFile size 6294M)
current process WorkingSet (physical memory assigned to process): 113M, peak: 113M
current process commit charge ("private bytes"): 656M, peak: 656M

vm_info: Java HotSpot(TM) 64-Bit Server VM (14.0.2+12-46) for windows-amd64 JRE (14.0.2+12-46), built on Jul  9 2020 00:35:52 by "mach5one" with MS VC++ 15.9 (VS2017)

END.
